$ /home/milnes/projects/veracity/target/release/veracity-review-proof-holes -d /home/milnes/projects/APAS-VERUS/src/Chap54

âŒ BFSMtEph.rs
/home/milnes/projects/APAS-VERUS/src/Chap54/BFSMtEph.rs:837: error: bare_impl - impl BFSTreeS { â€” `impl BFSTreeS` without trait; file defines [BFSMtEphTrait]
       838 |         /// Vertices in BFS order (root first, then distance 1, 2, ...).
       839 |         pub fn top_down_order(&self) -> (result: &ArraySeqMtEphS<N>)
   Errors: 1 bare impl(s) in file with trait definition
   Proof functions: 7 total (7 clean, 0 holed)
âŒ BFSMtPer.rs
/home/milnes/projects/APAS-VERUS/src/Chap54/BFSMtPer.rs:854: error: bare_impl - impl BFSTreeS { â€” `impl BFSTreeS` without trait; file defines [BFSMtPerTrait]
       855 |         /// Vertices in BFS order (root first, then distance 1, 2, ...).
       856 |         pub fn top_down_order(&self) -> (result: &ArraySeqMtPerS<N>)
   Errors: 1 bare impl(s) in file with trait definition
   Proof functions: 7 total (7 clean, 0 holed)
âŒ BFSStEph.rs
/home/milnes/projects/APAS-VERUS/src/Chap54/BFSStEph.rs:397: error: bare_impl - impl BFSTreeS { â€” `impl BFSTreeS` without trait; file defines [BFSStEphTrait]
       398 |         /// Vertices in BFS order (root first, then distance 1, 2, ...).
       399 |         pub fn top_down_order(&self) -> (result: &ArraySeqStEphS<N>)
   Errors: 1 bare impl(s) in file with trait definition
   Proof functions: 4 total (4 clean, 0 holed)
âŒ BFSStPer.rs
/home/milnes/projects/APAS-VERUS/src/Chap54/BFSStPer.rs:393: error: bare_impl - impl BFSTreeS { â€” `impl BFSTreeS` without trait; file defines [BFSStPerTrait]
       394 |         /// Vertices in BFS order (root first, then distance 1, 2, ...).
       395 |         pub fn top_down_order(&self) -> (result: &ArraySeqStPerS<N>)
   Errors: 1 bare impl(s) in file with trait definition
   Proof functions: 4 total (4 clean, 0 holed)

â•â•â•â•â•â•â•â•â•â•â•â•â•â•â•â•â•â•â•â•â•â•â•â•â•â•â•â•â•â•â•â•â•â•â•â•â•â•â•â•â•â•â•â•â•â•â•â•â•â•â•â•â•â•â•â•â•â•â•â•â•â•â•
SUMMARY
â•â•â•â•â•â•â•â•â•â•â•â•â•â•â•â•â•â•â•â•â•â•â•â•â•â•â•â•â•â•â•â•â•â•â•â•â•â•â•â•â•â•â•â•â•â•â•â•â•â•â•â•â•â•â•â•â•â•â•â•â•â•â•

Modules:
   4 clean (no holes)
   0 holed (contains holes)
   4 total

Proof Functions:
   22 clean
   0 holed
   22 total

Holes Found: 0 total

Errors: 4 bare impl(s) in files with trait definitions

ğŸ‰ No proof holes found! All proofs are complete.
