$ /home/milnes/projects/veracity/target/release/veracity-review-proof-holes -d /home/milnes/projects/APAS-VERUS/src/Chap65/

âœ“ KruskalStEph.rs
âŒ PrimStEph.rs
/home/milnes/projects/APAS-VERUS/src/Chap65/PrimStEph.rs:31: error: struct_outside_verus - struct PQEntry â€” should be inside verus!
        31 |     pub struct PQEntry<V: StT + Ord> {
        32 |         priority: WrappedF64,
        33 |         vertex: V,
/home/milnes/projects/APAS-VERUS/src/Chap65/PrimStEph.rs:31: error: clone_derived_outside - struct PQEntry â€” Clone should be implemented inside verus!, not derived outside
        31 |     pub struct PQEntry<V: StT + Ord> {
        32 |         priority: WrappedF64,
        33 |         vertex: V,
   Errors: 2 total (1 struct/enum outside verus!, 1 Clone derived outside)
âŒ UnionFindStEph.rs
/home/milnes/projects/APAS-VERUS/src/Chap65/UnionFindStEph.rs:47: error: struct_outside_verus - struct UnionFindStEph â€” should be inside verus!
        47 |     pub struct UnionFindStEph<V: StT + Hash> {
        48 |         parent: HashMap<V, V>,
        49 |         rank: HashMap<V, usize>,
   Errors: 1 total (1 struct/enum outside verus!)

â•â•â•â•â•â•â•â•â•â•â•â•â•â•â•â•â•â•â•â•â•â•â•â•â•â•â•â•â•â•â•â•â•â•â•â•â•â•â•â•â•â•â•â•â•â•â•â•â•â•â•â•â•â•â•â•â•â•â•â•â•â•â•
SUMMARY
â•â•â•â•â•â•â•â•â•â•â•â•â•â•â•â•â•â•â•â•â•â•â•â•â•â•â•â•â•â•â•â•â•â•â•â•â•â•â•â•â•â•â•â•â•â•â•â•â•â•â•â•â•â•â•â•â•â•â•â•â•â•â•

Modules:
   3 clean (no holes)
   0 holed (contains holes)
   3 total

Proof Functions:
   0 clean
   0 holed
   0 total

Holes Found: 0 total

Errors: 3 (bare impl(s), struct/enum outside verus!)

ğŸ‰ No proof holes found! All proofs are complete.
