âŒ BSTParaMtEph.rs
/home/milnes/projects/APAS-VERUS-agent1/src/Chap38/BSTParaMtEph.rs:19: error: dummy_rwlock_predicate - RwLockPredicate inv returning true is grossly underspecified.
        17 | 
        18 |         impl<T: MtKey> RwLockPredicate<Option<Box<NodeInner<T>>>> for BstParaWf {
        20 |         }
        21 | 
/home/milnes/projects/APAS-VERUS-agent1/src/Chap38/BSTParaMtEph.rs:41: warning: verus_rwlock_external_body - Verus RwLock new requires an external body at this point.
        19 |             open spec fn inv(self, v: Option<Box<NodeInner<T>>>) -> bool { true }
            ...
        39 |         }
        40 | 
        42 |         fn new_bst_para_lock<T: MtKey>(val: Option<Box<NodeInner<T>>>) -> (lock: RwLock<Option<Box<NodeInner<T>>>, BstParaWf>) {
        43 |             RwLock::new(val, Ghost(BstParaWf))
   Errors: 2 total (1 Verus RwLock external_body, 1 dummy RwLockPredicate)
âŒ BSTParaStEph.rs
/home/milnes/projects/APAS-VERUS-agent1/src/Chap38/BSTParaStEph.rs:17: error: enum_outside_verus - enum Exposed â€” should be inside verus!
        17 |     pub enum Exposed<T: StT + Ord> {
        18 |         #[default]
        19 |         Leaf,
/home/milnes/projects/APAS-VERUS-agent1/src/Chap38/BSTParaStEph.rs:17: error: clone_derived_outside - enum Exposed â€” Clone should be implemented inside verus!, not derived outside
        17 |     pub enum Exposed<T: StT + Ord> {
        18 |         #[default]
        19 |         Leaf,
/home/milnes/projects/APAS-VERUS-agent1/src/Chap38/BSTParaStEph.rs:24: error: struct_outside_verus - struct NodeInner â€” should be inside verus!
        24 |     struct NodeInner<T: StT + Ord> {
        25 |         key: T,
        26 |         size: usize,
/home/milnes/projects/APAS-VERUS-agent1/src/Chap38/BSTParaStEph.rs:24: error: clone_derived_outside - struct NodeInner â€” Clone should be implemented inside verus!, not derived outside
        24 |     struct NodeInner<T: StT + Ord> {
        25 |         key: T,
        26 |         size: usize,
/home/milnes/projects/APAS-VERUS-agent1/src/Chap38/BSTParaStEph.rs:32: error: struct_outside_verus - struct ParamBST â€” should be inside verus!
        32 |     pub struct ParamBST<T: StT + Ord> {
        33 |         root: Rc<RefCell<Option<Box<NodeInner<T>>>>>,
        34 |     }
/home/milnes/projects/APAS-VERUS-agent1/src/Chap38/BSTParaStEph.rs:32: error: clone_derived_outside - struct ParamBST â€” Clone should be implemented inside verus!, not derived outside
        32 |     pub struct ParamBST<T: StT + Ord> {
        33 |         root: Rc<RefCell<Option<Box<NodeInner<T>>>>>,
        34 |     }
   Errors: 6 total (3 struct/enum outside verus!, 3 Clone derived outside)

â•â•â•â•â•â•â•â•â•â•â•â•â•â•â•â•â•â•â•â•â•â•â•â•â•â•â•â•â•â•â•â•â•â•â•â•â•â•â•â•â•â•â•â•â•â•â•â•â•â•â•â•â•â•â•â•â•â•â•â•â•â•â•
SUMMARY
â•â•â•â•â•â•â•â•â•â•â•â•â•â•â•â•â•â•â•â•â•â•â•â•â•â•â•â•â•â•â•â•â•â•â•â•â•â•â•â•â•â•â•â•â•â•â•â•â•â•â•â•â•â•â•â•â•â•â•â•â•â•â•

Modules:
   2 clean (no holes)
   0 holed (contains holes)
   2 total

Proof Functions:
   0 clean
   0 holed
   0 total

Holes Found: 0 total

Errors: 8 (bare impl(s), struct/enum outside verus!)

ğŸ‰ No proof holes found! All proofs are complete.
  2 total

Proof Functions:
   0 clean
   0 holed
   0 total

Holes Found: 0 total

Errors: 8 (bare impl(s), struct/enum outside verus!)

ğŸ‰ No proof holes found! All proofs are complete.
