$ /home/milnes/projects/veracity/target/release/veracity-review-proof-holes -d src/Chap06/

âŒ DirGraphMtEph.rs
/home/milnes/projects/APAS-VERUS-agent1/src/Chap06/DirGraphMtEph.rs:53: error: bare_impl - impl<V: StTInMtT + Hash + 'static> DirGraphMtEph<V> { â€” `impl DirGraphMtEph` without trait; file defines [DirGraphMtEphTrait]
        54 |         /// Convenience accessor for vertices view
        55 |         pub open spec fn spec_vertices(&self) -> Set<V::V> { self.V@ }
   Errors: 1 bare impl(s) in file with trait definition
âœ“ DirGraphStEph.rs
âŒ LabDirGraphMtEph.rs
/home/milnes/projects/APAS-VERUS-agent1/src/Chap06/LabDirGraphMtEph.rs:62: error: bare_impl - impl<V: StTInMtT + Hash + 'static, L: StTInMtT + Hash + 'static> LabDirGraphM... â€” `impl LabDirGraphMtEph` without trait; file defines [LabDirGraphMtEphTrait]
        63 |         pub open spec fn spec_vertices(&self) -> Set<V::V> { self.vertices@ }
        64 |         pub open spec fn spec_labeled_arcs(&self) -> Set<(V::V, V::V, L::V)> { self.labeled_arcs@ }
   Errors: 1 bare impl(s) in file with trait definition
âœ“ LabDirGraphStEph.rs
âŒ LabUnDirGraphMtEph.rs
/home/milnes/projects/APAS-VERUS-agent1/src/Chap06/LabUnDirGraphMtEph.rs:62: error: bare_impl - impl<V: StTInMtT + Hash + Ord + 'static, L: StTInMtT + Hash + 'static> LabUnD... â€” `impl LabUnDirGraphMtEph` without trait; file defines [LabUnDirGraphMtEphTrait]
        63 |         pub open spec fn spec_vertices(&self) -> Set<V::V> { self.vertices@ }
        64 |         pub open spec fn spec_labeled_edges(&self) -> Set<(V::V, V::V, L::V)> { self.labeled_edges@ }
   Errors: 1 bare impl(s) in file with trait definition
âœ“ LabUnDirGraphStEph.rs
âŒ UnDirGraphMtEph.rs
/home/milnes/projects/APAS-VERUS-agent1/src/Chap06/UnDirGraphMtEph.rs:63: error: bare_impl - impl<V: StTInMtT + Hash + 'static> UnDirGraphMtEph<V> { â€” `impl UnDirGraphMtEph` without trait; file defines [UnDirGraphMtEphTrait]
        64 |         pub open spec fn spec_vertices(&self) -> Set<V::V> { self.V@ }
        65 |         pub open spec fn spec_edges(&self) -> Set<(V::V, V::V)> { self.E@ }
   Errors: 1 bare impl(s) in file with trait definition
âœ“ UnDirGraphStEph.rs
âœ“ WeightedDirGraphStEphI128.rs
âœ“ WeightedDirGraphStEphI16.rs
âœ“ WeightedDirGraphStEphI32.rs
âœ“ WeightedDirGraphStEphI64.rs
âœ“ WeightedDirGraphStEphI8.rs
âœ“ WeightedDirGraphStEphIsize.rs
âœ“ WeightedDirGraphStEphU128.rs
âœ“ WeightedDirGraphStEphU16.rs
âœ“ WeightedDirGraphStEphU32.rs
âœ“ WeightedDirGraphStEphU64.rs
âœ“ WeightedDirGraphStEphU8.rs
âœ“ WeightedDirGraphStEphUsize.rs

â•â•â•â•â•â•â•â•â•â•â•â•â•â•â•â•â•â•â•â•â•â•â•â•â•â•â•â•â•â•â•â•â•â•â•â•â•â•â•â•â•â•â•â•â•â•â•â•â•â•â•â•â•â•â•â•â•â•â•â•â•â•â•
SUMMARY
â•â•â•â•â•â•â•â•â•â•â•â•â•â•â•â•â•â•â•â•â•â•â•â•â•â•â•â•â•â•â•â•â•â•â•â•â•â•â•â•â•â•â•â•â•â•â•â•â•â•â•â•â•â•â•â•â•â•â•â•â•â•â•

Modules:
   20 clean (no holes)
   0 holed (contains holes)
   20 total

Proof Functions:
   0 clean
   0 holed
   0 total

Holes Found: 0 total

Errors: 4 bare impl(s) in files with trait definitions

ğŸ‰ No proof holes found! All proofs are complete.
