Verus Library Minimizer
=======================
This minimizer is only possible due to the phenomenal speed of verification
in Verus. Thanks Verus team!

Logging to: /home/milnes/projects/APAS-VERUS/analyses/veracity-minimize-lib.log

Arguments:
  -c, --codebase:     /home/milnes/projects/APAS-VERUS/
  -l, --library:      /home/milnes/projects/APAS-VERUS/src/vstdplus/
  -n, --dry-run:      false
  -b, --broadcasts:   true
  -L, --lib-broadcasts: true
  -N, --max-lemmas:   all
  -a, --asserts:      true
  -A, --max-asserts:  all
  -e, --exclude:      experiments
  -f, --fail-fast:    false
  --danger:           false

═══════════════════════════════════════════════════════════════════════════════
IMPORTANT: No code will be harmed in the improving of your codebase!
═══════════════════════════════════════════════════════════════════════════════

✓ Codebase is in git and committed. Proceeding safely.

Veracity will repeatedly comment things in and out using // Veracity: lines
to test and improve your use of vstd. All changes are reversible comments.
You will need to review each // Veracity: line and decide what to keep.

Phases:
  Phase 1:  Analyze and verify codebase
  Phase 2:  Analyze library structure (lemmas, modules, call sites, spec fns)
  Phase 3:  Discover vstd broadcast groups from verus installation
  Phase 4:  Estimate time for testing
  Phase 5:  Apply broadcast groups to library (-L flag)
  Phase 6:  Apply broadcast groups to codebase (-b flag)
  Phase 7:  Test lemma dependence on vstd (can vstd prove it alone?)
  Phase 8:  Test lemma necessity (can codebase verify without it?)
  Phase 9:  Test library asserts (can we remove any?)
  Phase 10: Test codebase asserts (can we remove any?)
  Phase 11: Analyze and verify final codebase

Comment markers inserted:
  // Veracity: added broadcast group  - Phase 5/6: Inserted broadcast use block
  // Veracity: DEPENDENT              - Phase 7: Lemma proven by vstd broadcast groups
  // Veracity: INDEPENDENT            - Phase 7: Lemma provides unique proof logic
  // Veracity: USED                   - Phase 8: Lemma required, restored after test
  // Veracity: UNUSED                 - Phase 8: Lemma not needed, left commented out
  // Veracity: UNNEEDED assert        - Phase 9/10: Assert not needed, left commented
  // Veracity: UNNEEDED               - Phase 8: Call site not needed, left commented

═══════════════════════════════════════════════════════════════════════════════

═══════════════════════════════════════════════════════════════
Phase 1: Analyzing and verifying codebase
═══════════════════════════════════════════════════════════════

  Initial LOC (comments not counted):
    Spec:    2135
    Proof:  16987
    Exec:    8778
    Total:  27900

  Verifying...
  ✓ Verification passed in 5.1s. Continuing.

Phase 2: Analyzing library structure...
  Scanning library for proof functions (lemmas)...
  Found 211 proof functions
  In 11 modules
  Checking which library modules are used in codebase...
  11 modules used in codebase
  0 modules NOT used in codebase
  Scanning for lemma call sites...
  42 call sites in library
  468 call sites in codebase (outside library)
  Scanning library for spec functions...
  Found 121 spec functions
  27 spec functions without explicit calls (excluding type variants where any is used)

Phase 3: Discovering vstd broadcast groups...
  vstd source: /home/milnes/projects/verus-lang/source/vstd
  Found 43 broadcast groups

Phase 4: Estimating time...
  Time per verification:           5.1s
  Lemmas to test:                  211
  Est. lib asserts to test:        ~130
  Est. codebase asserts to test:   ~370

  Estimation formula:
    Phase 5/6: verification_time × num_files
    Phase 7:   verification_time × num_lemmas (empty body test)
    Phase 8:   verification_time × num_lemmas (comment out test)
    Phase 9/10: verification_time × num_asserts (comment out test)

  Phase 1 (verify codebase):       5.1s (done)
  Phase 2 (analyze library):       ~0s (no verification)
  Phase 3 (discover broadcasts):   ~0s (no verification)
  Phase 4 (estimate time):         ~0s (no verification)
  Phase 5 (library broadcasts):    ~1m 6s (5.1s × 13 files)
  Phase 6 (codebase broadcasts):   ~11m 29s (5.1s × 135 files)
  Phase 7 (dependence test):       ~17m 57s (5.1s × 211 lemmas)
  Phase 8 (necessity test):        ~17m 57s (5.1s × 211 lemmas)
  Phase 9 (library asserts):       ~11m 3s (5.1s × ~130 asserts)
  Phase 10 (codebase asserts):     ~31m 29s (5.1s × ~370 asserts)
  ─────────────────────────────────────────
  TOTAL ESTIMATED TIME:            ~1h 31m 9s

Phase 5: Library broadcast groups...
  Analyzing library for broadcast group recommendations...

  seq_set.rs:
    In use:
      ✓ vstd::seq_lib::group_seq_properties
      ✓ vstd::set::group_set_axioms
      ✓ vstd::set_lib::group_set_lib_default

  No new broadcast groups recommended for library.

Phase 6: Codebase broadcast groups...
  Analyzing broadcast groups per file...

  src/Chap03/InsertionSortStEph.rs:
    In use:
      ✓ vstd::seq_lib::group_to_multiset_ensures

  src/Chap05/MappingStEph.rs:
    In use:
      ✓ vstd::set::group_set_axioms
      ✓ vstd::set_lib::group_set_lib_default
      ✓ vstd::set_lib::group_set_properties
      ✓ vstd::seq::group_seq_axioms
      ✓ vstd::seq_lib::group_seq_lib_default
      ✓ vstd::seq_lib::group_seq_properties
      ✓ vstd::laws_eq::group_laws_eq
      ✓ vstd::laws_cmp::group_laws_cmp

  src/Chap05/RelationStEph.rs:
    In use:
      ✓ vstd::set::group_set_axioms
      ✓ vstd::set_lib::group_set_lib_default
      ✓ vstd::set_lib::group_set_properties
      ✓ vstd::seq::group_seq_axioms
      ✓ vstd::seq_lib::group_seq_lib_default
      ✓ vstd::seq_lib::group_seq_properties
      ✓ vstd::laws_eq::group_laws_eq
      ✓ vstd::laws_cmp::group_laws_cmp

  src/Chap05/SetMtEph.rs:
    In use:
      ✓ vstd::set::group_set_axioms
      ✓ vstd::seq_lib::group_seq_lib_default

  src/Chap05/SetStEph.rs:
    In use:
      ✓ vstd::set::group_set_axioms
      ✓ vstd::set_lib::group_set_lib_default
      ✓ vstd::set_lib::group_set_properties
      ✓ vstd::seq::group_seq_axioms
      ✓ vstd::seq_lib::group_seq_lib_default
      ✓ vstd::seq_lib::group_seq_properties
      ✓ vstd::laws_eq::group_laws_eq
      ✓ vstd::laws_cmp::group_laws_cmp

  src/Chap06/DirGraphStEph.rs:
    In use:
      ✓ vstd::std_specs::hash::group_hash_axioms
      ✓ vstd::set_lib::group_set_lib_default

  src/Chap06/LabDirGraphStEph.rs:
    In use:
      ✓ vstd::std_specs::hash::group_hash_axioms
      ✓ vstd::set_lib::group_set_lib_default
      ✓ vstd::set::group_set_axioms

  src/Chap06/LabUnDirGraphStEph.rs:
    In use:
      ✓ vstd::std_specs::hash::group_hash_axioms
      ✓ vstd::set_lib::group_set_lib_default

  src/Chap06/UnDirGraphStEph.rs:
    In use:
      ✓ vstd::std_specs::hash::group_hash_axioms
      ✓ vstd::set_lib::group_set_lib_default

  src/Chap06/WeightedDirGraphStEphI128.rs:
    In use:
      ✓ vstd::std_specs::hash::group_hash_axioms
      ✓ vstd::set_lib::group_set_lib_default
      ✓ vstd::set::group_set_axioms
      ✓ vstd::seq_lib::group_seq_properties

  src/Chap06/WeightedDirGraphStEphI16.rs:
    In use:
      ✓ vstd::std_specs::hash::group_hash_axioms
      ✓ vstd::set_lib::group_set_lib_default
      ✓ vstd::set::group_set_axioms
      ✓ vstd::seq_lib::group_seq_properties

  src/Chap06/WeightedDirGraphStEphI32.rs:
    In use:
      ✓ vstd::std_specs::hash::group_hash_axioms
      ✓ vstd::set_lib::group_set_lib_default
      ✓ vstd::set::group_set_axioms
      ✓ vstd::seq_lib::group_seq_properties

  src/Chap06/WeightedDirGraphStEphI64.rs:
    In use:
      ✓ vstd::std_specs::hash::group_hash_axioms
      ✓ vstd::set_lib::group_set_lib_default
      ✓ vstd::set::group_set_axioms
      ✓ vstd::seq_lib::group_seq_properties

  src/Chap06/WeightedDirGraphStEphI8.rs:
    In use:
      ✓ vstd::std_specs::hash::group_hash_axioms
      ✓ vstd::set_lib::group_set_lib_default
      ✓ vstd::set::group_set_axioms
      ✓ vstd::seq_lib::group_seq_properties

  src/Chap06/WeightedDirGraphStEphIsize.rs:
    In use:
      ✓ vstd::std_specs::hash::group_hash_axioms
      ✓ vstd::set_lib::group_set_lib_default
      ✓ vstd::set::group_set_axioms
      ✓ vstd::seq_lib::group_seq_properties

  src/Chap06/WeightedDirGraphStEphU128.rs:
    In use:
      ✓ vstd::std_specs::hash::group_hash_axioms
      ✓ vstd::set_lib::group_set_lib_default
      ✓ vstd::set::group_set_axioms
      ✓ vstd::seq_lib::group_seq_properties

  src/Chap06/WeightedDirGraphStEphU16.rs:
    In use:
      ✓ vstd::std_specs::hash::group_hash_axioms
      ✓ vstd::set_lib::group_set_lib_default
      ✓ vstd::set::group_set_axioms
      ✓ vstd::seq_lib::group_seq_properties

  src/Chap06/WeightedDirGraphStEphU32.rs:
    In use:
      ✓ vstd::std_specs::hash::group_hash_axioms
      ✓ vstd::set_lib::group_set_lib_default
      ✓ vstd::set::group_set_axioms
      ✓ vstd::seq_lib::group_seq_properties

  src/Chap06/WeightedDirGraphStEphU64.rs:
    In use:
      ✓ vstd::std_specs::hash::group_hash_axioms
      ✓ vstd::set_lib::group_set_lib_default
      ✓ vstd::set::group_set_axioms
      ✓ vstd::seq_lib::group_seq_properties

  src/Chap06/WeightedDirGraphStEphU8.rs:
    In use:
      ✓ vstd::std_specs::hash::group_hash_axioms
      ✓ vstd::set_lib::group_set_lib_default
      ✓ vstd::set::group_set_axioms
      ✓ vstd::seq_lib::group_seq_properties

  src/Chap06/WeightedDirGraphStEphUsize.rs:
    In use:
      ✓ vstd::std_specs::hash::group_hash_axioms
      ✓ vstd::set_lib::group_set_lib_default
      ✓ vstd::set::group_set_axioms
      ✓ vstd::seq_lib::group_seq_properties

═══════════════════════════════════════════════════════════════
Phase 7: Testing lemma dependence on vstd
═══════════════════════════════════════════════════════════════

For each lemma: replace body with {}, verify, restore.
If verification passes, vstd broadcast groups can prove it (DEPENDENT).

[1/121] Testing dependence of axiom_CheckedU32_feq... emptying body... verifying... FAILED → INDEPENDENT [initial 5.1s -> now 0.1s (incremental -5.0s)]
[2/121] Testing dependence of lemma_seq_fold_left_plus_is_weighted_seq_sum_u64... emptying body... verifying... FAILED → INDEPENDENT [initial 5.1s -> now 0.1s (incremental -5.0s)]
[3/121] Testing dependence of lemma_signed_seq_fold_left_plus_is_weighted_seq_sum_i16... emptying body... verifying... FAILED → INDEPENDENT [initial 5.1s -> now 0.1s (incremental -5.0s)]
[4/121] Testing dependence of lemma_spec_nat_seq_sum_permutation_invariant[nat]... emptying body... verifying... FAILED → INDEPENDENT [initial 5.1s -> now 0.1s (incremental -5.0s)]
[5/121] Testing dependence of lemma_mul_associative_ghost... emptying body... verifying... FAILED → INDEPENDENT [initial 5.1s -> now 0.1s (incremental -5.0s)]
[6/121] Testing dependence of lemma_spec_mul_distributes_over_add... emptying body... verifying... PASSED → DEPENDENT [initial 5.1s -> now 5.0s (incremental -0.1s)]
[7/121] Testing dependence of lemma_add_normal_if_sum_fits... emptying body... verifying... PASSED → DEPENDENT [initial 5.1s -> now 4.7s (incremental -0.4s)]
[8/121] Testing dependence of lemma_sum_u32_push... emptying body... verifying... FAILED → INDEPENDENT [initial 5.1s -> now 0.1s (incremental -5.1s)]
[9/121] Testing dependence of lemma_set_contains_iff_to_seq_map_contains... emptying body... verifying... FAILED → INDEPENDENT [initial 5.1s -> now 0.1s (incremental -5.0s)]
[10/121] Testing dependence of axiom_hash_set_with_view_plus_finite... emptying body... verifying... FAILED → INDEPENDENT [initial 5.1s -> now 0.1s (incremental -5.0s)]
[11/121] Testing dependence of lemma_fold_left_int_equals_nat_as_int_usize... emptying body... verifying... FAILED → INDEPENDENT [initial 5.1s -> now 0.1s (incremental -5.0s)]
[12/121] Testing dependence of lemma_take_extends_set_superset[int]... emptying body... verifying... FAILED → INDEPENDENT [initial 5.1s -> now 0.1s (incremental -5.0s)]
[13/121] Testing dependence of lemma_spec_mul_distributes_over_add... emptying body... verifying... FAILED → INDEPENDENT [initial 5.1s -> now 0.1s (incremental -5.0s)]
[14/121] Testing dependence of lemma_spec_mul_associative... emptying body... verifying... PASSED → DEPENDENT [initial 5.1s -> now 5.2s (incremental +0.1s)]
[15/121] Testing dependence of lemma_spec_mul_associative... emptying body... verifying... FAILED → INDEPENDENT [initial 5.1s -> now 0.1s (incremental -5.0s)]
[16/121] Testing dependence of lemma_pow2_lt_u32_max[nat]... emptying body... verifying... FAILED → INDEPENDENT [initial 5.1s -> now 0.1s (incremental -5.0s)]
[17/121] Testing dependence of lemma_add_commutative_ghost... emptying body... verifying... FAILED → INDEPENDENT [initial 5.1s -> now 0.1s (incremental -5.0s)]
[18/121] Testing dependence of lemma_mul_distributes_over_add_ghost... emptying body... verifying... PASSED → DEPENDENT [initial 5.1s -> now 4.7s (incremental -0.4s)]
[19/121] Testing dependence of lemma_mul_commutative_ghost... emptying body... verifying... FAILED → INDEPENDENT [initial 5.1s -> now 0.1s (incremental -5.1s)]
[20/121] Testing dependence of lemma_mul_commutative_ghost... emptying body... verifying... FAILED → INDEPENDENT [initial 5.1s -> now 0.1s (incremental -5.0s)]
[21/121] Testing dependence of lemma_mul_distributes_over_sub_ghost... emptying body... verifying... PASSED → DEPENDENT [initial 5.1s -> now 4.8s (incremental -0.3s)]
[22/121] Testing dependence of lemma_add_associative_ghost... emptying body... verifying... FAILED → INDEPENDENT [initial 5.1s -> now 0.1s (incremental -5.0s)]
[23/121] Testing dependence of lemma_add_commutative_ghost... emptying body... verifying... FAILED → INDEPENDENT [initial 5.1s -> now 0.1s (incremental -5.0s)]
[24/121] Testing dependence of lemma_spec_nat_seq_sum_no_intermediate_overflow[nat]... emptying body... verifying... FAILED → INDEPENDENT [initial 5.1s -> now 0.1s (incremental -5.0s)]
[25/121] Testing dependence of lemma_add_associative_ghost... emptying body... verifying... FAILED → INDEPENDENT [initial 5.1s -> now 0.1s (incremental -5.0s)]
[26/121] Testing dependence of lemma_seq_fold_left_plus_is_weighted_seq_sum_u16... emptying body... verifying... FAILED → INDEPENDENT [initial 5.1s -> now 0.1s (incremental -5.0s)]
[27/121] Testing dependence of lemma_take_full... emptying body... verifying... FAILED → INDEPENDENT [initial 5.1s -> now 0.1s (incremental -5.0s)]
[28/121] Testing dependence of lemma_sum_u32_unfold_take[int]... emptying body... verifying... FAILED → INDEPENDENT [initial 5.1s -> now 0.1s (incremental -5.0s)]
[29/121] Testing dependence of axiom_CheckedU32_key_model... emptying body... verifying... FAILED → INDEPENDENT [initial 5.1s -> now 0.1s (incremental -5.0s)]
[30/121] Testing dependence of lemma_sum_int_unfold_take[int]... emptying body... verifying... FAILED → INDEPENDENT [initial 5.1s -> now 0.1s (incremental -5.0s)]
[31/121] Testing dependence of lemma_pow2_63_lt_u64_max... emptying body... verifying... FAILED → INDEPENDENT [initial 5.1s -> now 0.1s (incremental -5.0s)]
[32/121] Testing dependence of lemma_sum_monotonic... emptying body... verifying... PASSED → DEPENDENT [initial 5.1s -> now 4.7s (incremental -0.4s)]
[33/121] Testing dependence of lemma_push_not_contains_to_set... emptying body... verifying... FAILED → INDEPENDENT [initial 5.1s -> now 0.1s (incremental -5.0s)]
[34/121] Testing dependence of lemma_spec_add_associative... emptying body... verifying... FAILED → INDEPENDENT [initial 5.1s -> now 0.1s (incremental -5.0s)]
[35/121] Testing dependence of lemma_spec_add_commutative... emptying body... verifying... FAILED → INDEPENDENT [initial 5.1s -> now 0.1s (incremental -5.0s)]
[36/121] Testing dependence of lemma_spec_mul_commutative... emptying body... verifying... FAILED → INDEPENDENT [initial 5.1s -> now 0.1s (incremental -5.0s)]
[37/121] Testing dependence of lemma_spec_mul_commutative... emptying body... verifying... FAILED → INDEPENDENT [initial 5.1s -> now 0.1s (incremental -5.0s)]
[38/121] Testing dependence of lemma_add_commutative_ghost... emptying body... verifying... PASSED → DEPENDENT [initial 5.1s -> now 5.0s (incremental -0.1s)]
[39/121] Testing dependence of lemma_to_seq_no_duplicates... emptying body... verifying... FAILED → INDEPENDENT [initial 5.1s -> now 0.1s (incremental -5.0s)]
[40/121] Testing dependence of lemma_weighted_seq_sum_is_set_sum... emptying body... verifying... FAILED → INDEPENDENT [initial 5.1s -> now 0.1s (incremental -5.0s)]
[41/121] Testing dependence of lemma_sum_checked_u32_unfold_take[int]... emptying body... verifying... FAILED → INDEPENDENT [initial 5.1s -> now 0.1s (incremental -5.0s)]
[42/121] Testing dependence of lemma_sum_u32_equiv... emptying body... verifying... FAILED → INDEPENDENT [initial 5.1s -> now 0.1s (incremental -5.0s)]
[43/121] Testing dependence of lemma_add_normal_if_sum_fits... emptying body... verifying... PASSED → DEPENDENT [initial 5.1s -> now 5.2s (incremental +0.1s)]
[44/121] Testing dependence of lemma_nat_partial_sum_monotonic[nat,int]... emptying body... verifying... FAILED → INDEPENDENT [initial 5.1s -> now 0.1s (incremental -5.1s)]
[45/121] Testing dependence of lemma_seq_fold_left_plus_is_weighted_seq_sum_u128... emptying body... verifying... FAILED → INDEPENDENT [initial 5.1s -> now 0.1s (incremental -5.0s)]
[46/121] Testing dependence of lemma_fold_left_int_equals_nat_as_int_u64... emptying body... verifying... FAILED → INDEPENDENT [initial 5.1s -> now 0.1s (incremental -5.0s)]
[47/121] Testing dependence of lemma_mul_distributes_over_add_ghost... emptying body... verifying... PASSED → DEPENDENT [initial 5.1s -> now 5.1s (incremental -0.0s)]
[48/121] Testing dependence of lemma_spec_mul_commutative... emptying body... verifying... PASSED → DEPENDENT [initial 5.1s -> now 4.8s (incremental -0.3s)]
[49/121] Testing dependence of lemma_fold_left_int_equals_nat_as_int_u128... emptying body... verifying... FAILED → INDEPENDENT [initial 5.1s -> now 0.1s (incremental -5.1s)]
[50/121] Testing dependence of lemma_mul_commutative_ghost... emptying body... verifying... PASSED → DEPENDENT [initial 5.1s -> now 4.6s (incremental -0.5s)]
[51/121] Testing dependence of lemma_spec_add_associative... emptying body... verifying... PASSED → DEPENDENT [initial 5.1s -> now 4.8s (incremental -0.3s)]
[52/121] Testing dependence of lemma_weighted_fold_left_step[int]... emptying body... verifying... FAILED → INDEPENDENT [initial 5.1s -> now 0.1s (incremental -5.0s)]
[53/121] Testing dependence of lemma_seq_index_in_to_set[int]... emptying body... verifying... FAILED → INDEPENDENT [initial 5.1s -> now 0.1s (incremental -5.0s)]
[54/121] Testing dependence of lemma_spec_mul_associative... emptying body... verifying... FAILED → INDEPENDENT [initial 5.1s -> now 0.1s (incremental -5.0s)]
[55/121] Testing dependence of lemma_seq_fold_left_plus_is_weighted_seq_sum... emptying body... verifying... FAILED → INDEPENDENT [initial 5.1s -> now 0.1s (incremental -5.0s)]
[56/121] Testing dependence of lemma_signed_seq_fold_left_plus_is_weighted_seq_sum_i8... emptying body... verifying... FAILED → INDEPENDENT [initial 5.1s -> now 0.1s (incremental -5.0s)]
[57/121] Testing dependence of lemma_int_fold_equals_nat_fold_weighted... emptying body... verifying... FAILED → INDEPENDENT [initial 5.1s -> now 0.1s (incremental -5.0s)]
[58/121] Testing dependence of lemma_add_associative_ghost... emptying body... verifying... PASSED → DEPENDENT [initial 5.1s -> now 4.9s (incremental -0.2s)]
[59/121] Testing dependence of lemma_no_dup_same_set_implies_same_multiset... emptying body... verifying... FAILED → INDEPENDENT [initial 5.1s -> now 0.1s (incremental -5.0s)]
[60/121] Testing dependence of lemma_fold_left_int_equals_nat_as_int... emptying body... verifying... FAILED → INDEPENDENT [initial 5.1s -> now 0.1s (incremental -5.0s)]
[61/121] Testing dependence of lemma_signed_seq_fold_left_plus_is_weighted_seq_sum_isize... emptying body... verifying... FAILED → INDEPENDENT [initial 5.1s -> now 0.1s (incremental -5.0s)]
[62/121] Testing dependence of lemma_push_not_contains_to_set_superset... emptying body... verifying... FAILED → INDEPENDENT [initial 5.1s -> now 0.1s (incremental -5.0s)]
[63/121] Testing dependence of lemma_sub_anticommutative_ghost... emptying body... verifying... FAILED → INDEPENDENT [initial 5.1s -> now 0.1s (incremental -5.0s)]
[64/121] Testing dependence of lemma_fold_left_int_equals_nat_as_int_u8... emptying body... verifying... FAILED → INDEPENDENT [initial 5.1s -> now 0.1s (incremental -5.0s)]
[65/121] Testing dependence of lemma_spec_mul_distributes_over_add... emptying body... verifying... FAILED → INDEPENDENT [initial 5.1s -> now 0.1s (incremental -5.0s)]
[66/121] Testing dependence of lemma_sum_monotonic... emptying body... verifying... PASSED → DEPENDENT [initial 5.1s -> now 5.3s (incremental +0.1s)]
[67/121] Testing dependence of lemma_sum_int_equiv[int]... emptying body... verifying... FAILED → INDEPENDENT [initial 5.1s -> now 0.1s (incremental -5.1s)]
[68/121] Testing dependence of lemma_signed_seq_fold_left_plus_is_weighted_seq_sum_i128... emptying body... verifying... FAILED → INDEPENDENT [initial 5.1s -> now 0.1s (incremental -5.0s)]
[69/121] Testing dependence of lemma_spec_nat_seq_sum_is_nat_set_sum[nat]... emptying body... verifying... FAILED → INDEPENDENT [initial 5.1s -> now 0.1s (incremental -5.0s)]
[70/121] Testing dependence of lemma_spec_add_commutative... emptying body... verifying... PASSED → DEPENDENT [initial 5.1s -> now 5.0s (incremental -0.1s)]
[71/121] Testing dependence of lemma_mul_distributes_over_add_ghost... emptying body... verifying... PASSED → DEPENDENT [initial 5.1s -> now 5.0s (incremental -0.1s)]
[72/121] Testing dependence of lemma_sum_int_push[int]... emptying body... verifying... FAILED → INDEPENDENT [initial 5.1s -> now 0.1s (incremental -5.0s)]
[73/121] Testing dependence of lemma_pow2_lt_u64_max[nat]... emptying body... verifying... FAILED → INDEPENDENT [initial 5.1s -> now 0.1s (incremental -5.0s)]
[74/121] Testing dependence of lemma_u32_view_identity... emptying body... verifying... FAILED → INDEPENDENT [initial 5.1s -> now 0.1s (incremental -5.0s)]
[75/121] Testing dependence of lemma_seq_fold_left_plus_is_weighted_seq_sum_u8... emptying body... verifying... FAILED → INDEPENDENT [initial 5.1s -> now 0.1s (incremental -5.0s)]
[76/121] Testing dependence of lemma_spec_add_associative... emptying body... verifying... FAILED → INDEPENDENT [initial 5.1s -> now 0.1s (incremental -5.0s)]
[77/121] Testing dependence of lemma_signed_seq_fold_left_plus_is_weighted_seq_sum... emptying body... verifying... FAILED → INDEPENDENT [initial 5.1s -> now 0.1s (incremental -5.0s)]
[78/121] Testing dependence of lemma_mul_associative_ghost... emptying body... verifying... FAILED → INDEPENDENT [initial 5.1s -> now 0.1s (incremental -5.0s)]
[79/121] Testing dependence of lemma_take_extends_set_subset[int]... emptying body... verifying... FAILED → INDEPENDENT [initial 5.1s -> now 0.1s (incremental -5.0s)]
[80/121] Testing dependence of lemma_mul_associative_ghost... emptying body... verifying... PASSED → DEPENDENT [initial 5.1s -> now 4.8s (incremental -0.3s)]
[81/121] Testing dependence of lemma_signed_seq_fold_left_plus_is_weighted_seq_sum_i64... emptying body... verifying... FAILED → INDEPENDENT [initial 5.1s -> now 0.1s (incremental -5.0s)]
[82/121] Testing dependence of lemma_push_not_contains_to_set_subset... emptying body... verifying... FAILED → INDEPENDENT [initial 5.1s -> now 0.1s (incremental -5.0s)]
[83/121] Testing dependence of lemma_pow2_31_lt_u32_max... emptying body... verifying... FAILED → INDEPENDENT [initial 5.1s -> now 0.1s (incremental -5.0s)]
[84/121] Testing dependence of lemma_spec_add_commutative... emptying body... verifying... FAILED → INDEPENDENT [initial 5.1s -> now 0.1s (incremental -5.0s)]
[85/121] Testing dependence of lemma_fold_left_int_equals_nat_as_int_u16... emptying body... verifying... FAILED → INDEPENDENT [initial 5.1s -> now 0.1s (incremental -5.0s)]
[86/121] Testing dependence of lemma_nat_any_order_no_overflow[nat]... emptying body... verifying... FAILED → INDEPENDENT [initial 5.1s -> now 0.1s (incremental -5.0s)]
[87/121] Testing dependence of lemma_seq_fold_left_plus_is_weighted_seq_sum_usize... emptying body... verifying... FAILED → INDEPENDENT [initial 5.1s -> now 0.1s (incremental -5.0s)]
[88/121] Testing dependence of lemma_signed_weighted_seq_fold_equals_set_fold... emptying body... verifying... FAILED → INDEPENDENT [initial 5.1s -> now 0.1s (incremental -5.0s)]
[89/121] Testing dependence of lemma_spec_nat_seq_fold_equals_spec_set_fold[nat]... emptying body... verifying... FAILED → INDEPENDENT [initial 5.1s -> now 0.1s (incremental -5.0s)]
[90/121] Testing dependence of lemma_signed_weighted_seq_fold_equals_set_fold_i8... emptying body... verifying... FAILED → INDEPENDENT [initial 5.1s -> now 0.1s (incremental -5.0s)]
[91/121] Testing dependence of lemma_take_full_to_set_with_view... emptying body... verifying... FAILED → INDEPENDENT [initial 5.1s -> now 0.1s (incremental -5.0s)]
[92/121] Testing dependence of lemma_weighted_seq_fold_equals_set_fold... emptying body... verifying... FAILED → INDEPENDENT [initial 5.1s -> now 0.1s (incremental -5.0s)]
[93/121] Testing dependence of lemma_to_seq_gives_same_set... emptying body... verifying... FAILED → INDEPENDENT [initial 5.1s -> now 0.1s (incremental -5.0s)]
[94/121] Testing dependence of lemma_pow2_46_lt_u64_max... emptying body... verifying... FAILED → INDEPENDENT [initial 5.1s -> now 0.1s (incremental -5.0s)]
[95/121] Testing dependence of lemma_signed_weighted_seq_fold_equals_set_fold_i16... emptying body... verifying... FAILED → INDEPENDENT [initial 5.1s -> now 0.1s (incremental -5.1s)]
[96/121] Testing dependence of lemma_weighted_seq_fold_equals_set_fold_u128... emptying body... verifying... FAILED → INDEPENDENT [initial 5.1s -> now 0.1s (incremental -5.0s)]
[97/121] Testing dependence of lemma_seq_map_to_set_equality... emptying body... verifying... FAILED → INDEPENDENT [initial 5.1s -> now 0.1s (incremental -5.0s)]
[98/121] Testing dependence of lemma_weighted_seq_fold_equals_set_fold_u16... emptying body... verifying... FAILED → INDEPENDENT [initial 5.1s -> now 0.1s (incremental -5.0s)]
[99/121] Testing dependence of lemma_weighted_seq_fold_equals_set_fold_u64... emptying body... verifying... FAILED → INDEPENDENT [initial 5.1s -> now 0.1s (incremental -5.0s)]
[100/121] Testing dependence of lemma_signed_weighted_seq_fold_equals_set_fold_isize... emptying body... verifying... FAILED → INDEPENDENT [initial 5.1s -> now 0.1s (incremental -5.0s)]
[101/121] Testing dependence of lemma_weighted_seq_fold_equals_set_fold_usize... emptying body... verifying... FAILED → INDEPENDENT [initial 5.1s -> now 0.1s (incremental -5.0s)]
[102/121] Testing dependence of lemma_seq_map_to_set_eq_set_map... emptying body... verifying... FAILED → INDEPENDENT [initial 5.1s -> now 0.1s (incremental -5.0s)]
[103/121] Testing dependence of lemma_signed_weighted_seq_fold_equals_set_fold_i128... emptying body... verifying... FAILED → INDEPENDENT [initial 5.1s -> now 0.1s (incremental -5.0s)]
[104/121] Testing dependence of lemma_take_one_more_extends_the_seq_set[int]... emptying body... verifying... FAILED → INDEPENDENT [initial 5.1s -> now 0.1s (incremental -5.0s)]
[105/121] Testing dependence of lemma_take_one_more_intersect[int]... emptying body... verifying... FAILED → INDEPENDENT [initial 5.1s -> now 1.6s (incremental -3.5s)]
[106/121] Testing dependence of lemma_signed_weighted_seq_fold_equals_set_fold_i64... emptying body... verifying... FAILED → INDEPENDENT [initial 5.1s -> now 0.1s (incremental -5.1s)]
[107/121] Testing dependence of lemma_weighted_seq_fold_equals_set_fold_u8... emptying body... verifying... FAILED → INDEPENDENT [initial 5.1s -> now 0.1s (incremental -5.0s)]
[108/121] Testing dependence of lemma_pow2_mono[nat]... emptying body... verifying... FAILED → INDEPENDENT [initial 5.1s -> now 0.1s (incremental -5.0s)]
[109/121] Testing dependence of axiom_cloned_implies_eq... emptying body... verifying... FAILED → INDEPENDENT [initial 5.1s -> now 0.1s (incremental -5.0s)]
[110/121] Testing dependence of lemma_set_contains_insert_idempotent... emptying body... verifying... FAILED → INDEPENDENT [initial 5.1s -> now 0.1s (incremental -5.0s)]
[111/121] Testing dependence of lemma_nat_fold_left_step[nat,int]... emptying body... verifying... FAILED → INDEPENDENT [initial 5.1s -> now 0.1s (incremental -5.0s)]
[112/121] Testing dependence of lemma_take_one_more_extends_the_seq_set_with_view[int]... emptying body... verifying... FAILED → INDEPENDENT [initial 5.1s -> now 0.1s (incremental -5.0s)]
[113/121] Testing dependence of total<u8, u16, u32, u64, u128, usize, i8, i16, i32, i64, i128, isize> (12 type variants)... emptying body... verifying... FAILED → INDEPENDENT [initial 5.1s -> now 0.1s (incremental -5.0s)]
[114/121] Testing dependence of antisymmetric<u8, u16, u32, u64, u128, usize, i8, i16, i32, i64, i128, isize> (12 type variants)... emptying body... verifying... FAILED → INDEPENDENT [initial 5.1s -> now 0.1s (incremental -5.0s)]
[115/121] Testing dependence of antisymmetric<u8, u16, u32, u64, u128, usize, i8, i16, i32, i64, i128, isize, f32, f64> (14 type variants)... emptying body... verifying... FAILED → INDEPENDENT [initial 5.1s -> now 0.1s (incremental -5.0s)]
[116/121] Testing dependence of transitive<u8, u16, u32, u64, u128, usize, i8, i16, i32, i64, i128, isize> (12 type variants)... emptying body... verifying... FAILED → INDEPENDENT [initial 5.1s -> now 0.1s (incremental -5.0s)]
[117/121] Testing dependence of transitive<u8, u16, u32, u64, u128, usize, i8, i16, i32, i64, i128, isize, f32, f64> (14 type variants)... emptying body... verifying... FAILED → INDEPENDENT [initial 5.1s -> now 0.1s (incremental -5.0s)]
[118/121] Testing dependence of reflexive<u8, u16, u32, u64, u128, usize, i8, i16, i32, i64, i128, isize> (12 type variants)... emptying body... verifying... FAILED → INDEPENDENT [initial 5.1s -> now 0.1s (incremental -5.0s)]
[119/121] Testing dependence of lemma_map_to_set_contains_index... emptying body... verifying... FAILED → INDEPENDENT [initial 5.1s -> now 0.1s (incremental -5.0s)]
[120/121] Testing dependence of lemma_seq_index_in_map_to_set[int]... emptying body... verifying... FAILED → INDEPENDENT [initial 5.1s -> now 0.1s (incremental -5.0s)]
[121/121] Testing dependence of reflexive<u8, u16, u32, u64, u128, usize, i8, i16, i32, i64, i128, isize, f32, f64> (14 type variants)... emptying body... verifying... FAILED → INDEPENDENT [initial 5.1s -> now 0.1s (incremental -5.0s)]

Phase 7 Summary:
  DEPENDENT (vstd can prove):   17
  INDEPENDENT (unique logic):   194

═══════════════════════════════════════════════════════════════
Phase 8: Testing lemma necessity
═══════════════════════════════════════════════════════════════

For each lemma: comment out definition + calls, verify.
If verification fails, lemma is USED. If passes, lemma is UNUSED.

[1/121] Testing necessity of axiom_CheckedU32_feq... commenting out (0 calls)... verifying... FAILED → USED (restored) [initial 5.1s -> now 1.0s (incremental -4.1s)]
[2/121] Testing necessity of lemma_seq_fold_left_plus_is_weighted_seq_sum_u64... commenting out (0 calls)... verifying... PASSED → UNUSED (kept commented) [initial 5.1s -> now 4.7s (incremental -0.5s)]
[3/121] Testing necessity of lemma_signed_seq_fold_left_plus_is_weighted_seq_sum_i16... commenting out (0 calls)... verifying... PASSED → UNUSED (kept commented) [initial 5.1s -> now 5.2s (incremental +0.1s)]
[4/121] Testing necessity of lemma_spec_nat_seq_sum_permutation_invariant[nat]... commenting out (0 calls)... verifying... FAILED → USED (restored) [initial 5.1s -> now 0.9s (incremental -4.2s)]
[5/121] Testing necessity of lemma_mul_associative_ghost... commenting out (0 calls)... verifying... FAILED → USED (restored) [initial 5.1s -> now 1.0s (incremental -4.1s)]
[6/121] Testing necessity of lemma_spec_mul_distributes_over_add... commenting out (0 calls)... verifying... PASSED → UNUSED (kept commented) [initial 5.1s -> now 4.6s (incremental -0.5s)]
[7/121] Testing necessity of lemma_add_normal_if_sum_fits... commenting out (0 calls)... verifying... PASSED → UNUSED (kept commented) [initial 5.1s -> now 4.9s (incremental -0.2s)]
[8/121] Testing necessity of lemma_sum_u32_push... commenting out (0 calls)... verifying... PASSED → UNUSED (kept commented) [initial 5.1s -> now 4.9s (incremental -0.2s)]
[9/121] Testing necessity of lemma_set_contains_iff_to_seq_map_contains... commenting out (0 calls)... verifying... FAILED → USED (restored) [initial 5.1s -> now 0.1s (incremental -5.0s)]
[10/121] Testing necessity of axiom_hash_set_with_view_plus_finite... commenting out (0 calls)... verifying... FAILED → USED (restored) [initial 5.1s -> now 0.9s (incremental -4.2s)]
[11/121] Testing necessity of lemma_fold_left_int_equals_nat_as_int_usize... commenting out (0 calls)... verifying... FAILED → USED (restored) [initial 5.1s -> now 0.9s (incremental -4.2s)]
[12/121] Testing necessity of lemma_take_extends_set_superset[int]... commenting out (0 calls)... verifying... FAILED → USED (restored) [initial 5.1s -> now 0.9s (incremental -4.2s)]
[13/121] Testing necessity of lemma_spec_mul_distributes_over_add... commenting out (0 calls)... verifying... PASSED → UNUSED (kept commented) [initial 5.1s -> now 4.8s (incremental -0.3s)]
[14/121] Testing necessity of lemma_spec_mul_associative... commenting out (0 calls)... verifying... PASSED → UNUSED (kept commented) [initial 5.1s -> now 4.8s (incremental -0.3s)]
[15/121] Testing necessity of lemma_spec_mul_associative... commenting out (0 calls)... verifying... PASSED → UNUSED (kept commented) [initial 5.1s -> now 4.6s (incremental -0.5s)]
[16/121] Testing necessity of lemma_pow2_lt_u32_max[nat]... commenting out (0 calls)... verifying... FAILED → USED (restored) [initial 5.1s -> now 1.0s (incremental -4.1s)]
[17/121] Testing necessity of lemma_add_commutative_ghost... commenting out (0 calls)... verifying... FAILED → USED (restored) [initial 5.1s -> now 0.9s (incremental -4.2s)]
[18/121] Testing necessity of lemma_mul_distributes_over_add_ghost... commenting out (0 calls)... verifying... PASSED → UNUSED (kept commented) [initial 5.1s -> now 5.1s (incremental +0.0s)]
[19/121] Testing necessity of lemma_mul_commutative_ghost... commenting out (0 calls)... verifying... FAILED → USED (restored) [initial 5.1s -> now 0.1s (incremental -5.0s)]
[20/121] Testing necessity of lemma_mul_commutative_ghost... commenting out (0 calls)... verifying... FAILED → USED (restored) [initial 5.1s -> now 0.9s (incremental -4.2s)]
[21/121] Testing necessity of lemma_mul_distributes_over_sub_ghost... commenting out (0 calls)... verifying... FAILED → USED (restored) [initial 5.1s -> now 0.9s (incremental -4.2s)]
[22/121] Testing necessity of lemma_add_associative_ghost... commenting out (0 calls)... verifying... FAILED → USED (restored) [initial 5.1s -> now 0.1s (incremental -5.0s)]
[23/121] Testing necessity of lemma_add_commutative_ghost... commenting out (0 calls)... verifying... FAILED → USED (restored) [initial 5.1s -> now 1.1s (incremental -4.0s)]
[24/121] Testing necessity of lemma_spec_nat_seq_sum_no_intermediate_overflow[nat]... commenting out (0 calls)... verifying... FAILED → USED (restored) [initial 5.1s -> now 0.1s (incremental -5.1s)]
[25/121] Testing necessity of lemma_add_associative_ghost... commenting out (0 calls)... verifying... FAILED → USED (restored) [initial 5.1s -> now 1.0s (incremental -4.1s)]
[26/121] Testing necessity of lemma_seq_fold_left_plus_is_weighted_seq_sum_u16... commenting out (0 calls)... verifying... FAILED → USED (restored) [initial 5.1s -> now 0.1s (incremental -5.0s)]
[27/121] Testing necessity of lemma_take_full... commenting out (0 calls)... verifying... PASSED → UNUSED (kept commented) [initial 5.1s -> now 4.8s (incremental -0.3s)]
[28/121] Testing necessity of lemma_sum_u32_unfold_take[int]... commenting out (0 calls)... verifying... FAILED → USED (restored) [initial 5.1s -> now 1.0s (incremental -4.1s)]
[29/121] Testing necessity of axiom_CheckedU32_key_model... commenting out (0 calls)... verifying... FAILED → USED (restored) [initial 5.1s -> now 1.0s (incremental -4.1s)]
[30/121] Testing necessity of lemma_sum_int_unfold_take[int]... commenting out (0 calls)... verifying... FAILED → USED (restored) [initial 5.1s -> now 0.1s (incremental -5.0s)]
[31/121] Testing necessity of lemma_pow2_63_lt_u64_max... commenting out (0 calls)... verifying... FAILED → USED (restored) [initial 5.1s -> now 0.9s (incremental -4.2s)]
[32/121] Testing necessity of lemma_sum_monotonic... commenting out (0 calls)... verifying... PASSED → UNUSED (kept commented) [initial 5.1s -> now 5.0s (incremental -0.1s)]
[33/121] Testing necessity of lemma_push_not_contains_to_set... commenting out (0 calls)... verifying... FAILED → USED (restored) [initial 5.1s -> now 1.2s (incremental -4.0s)]
[34/121] Testing necessity of lemma_spec_add_associative... commenting out (0 calls)... verifying... PASSED → UNUSED (kept commented) [initial 5.1s -> now 4.7s (incremental -0.4s)]
[35/121] Testing necessity of lemma_spec_add_commutative... commenting out (0 calls)... verifying... PASSED → UNUSED (kept commented) [initial 5.1s -> now 4.9s (incremental -0.2s)]
[36/121] Testing necessity of lemma_spec_mul_commutative... commenting out (0 calls)... verifying... PASSED → UNUSED (kept commented) [initial 5.1s -> now 4.7s (incremental -0.4s)]
[37/121] Testing necessity of lemma_spec_mul_commutative... commenting out (0 calls)... verifying... PASSED → UNUSED (kept commented) [initial 5.1s -> now 4.8s (incremental -0.3s)]
[38/121] Testing necessity of lemma_add_commutative_ghost... commenting out (0 calls)... verifying... PASSED → UNUSED (kept commented) [initial 5.1s -> now 4.8s (incremental -0.3s)]
[39/121] Testing necessity of lemma_to_seq_no_duplicates... commenting out (0 calls)... verifying... FAILED → USED (restored) [initial 5.1s -> now 0.1s (incremental -5.0s)]
[40/121] Testing necessity of lemma_weighted_seq_sum_is_set_sum... commenting out (0 calls)... verifying... FAILED → USED (restored) [initial 5.1s -> now 0.1s (incremental -5.0s)]
[41/121] Testing necessity of lemma_sum_checked_u32_unfold_take[int]... commenting out (0 calls)... verifying... FAILED → USED (restored) [initial 5.1s -> now 0.1s (incremental -5.0s)]
[42/121] Testing necessity of lemma_sum_u32_equiv... commenting out (0 calls)... verifying... PASSED → UNUSED (kept commented) [initial 5.1s -> now 5.0s (incremental -0.1s)]
[43/121] Testing necessity of lemma_add_normal_if_sum_fits... commenting out (0 calls)... verifying... FAILED → USED (restored) [initial 5.1s -> now 1.0s (incremental -4.1s)]
[44/121] Testing necessity of lemma_nat_partial_sum_monotonic[nat,int]... commenting out (0 calls)... verifying... FAILED → USED (restored) [initial 5.1s -> now 0.1s (incremental -5.1s)]
[45/121] Testing necessity of lemma_seq_fold_left_plus_is_weighted_seq_sum_u128... commenting out (0 calls)... verifying... FAILED → USED (restored) [initial 5.1s -> now 1.0s (incremental -4.1s)]
[46/121] Testing necessity of lemma_fold_left_int_equals_nat_as_int_u64... commenting out (0 calls)... verifying... PASSED → UNUSED (kept commented) [initial 5.1s -> now 4.9s (incremental -0.2s)]
[47/121] Testing necessity of lemma_mul_distributes_over_add_ghost... commenting out (0 calls)... verifying... FAILED → USED (restored) [initial 5.1s -> now 1.0s (incremental -4.1s)]
[48/121] Testing necessity of lemma_spec_mul_commutative... commenting out (0 calls)... verifying... PASSED → UNUSED (kept commented) [initial 5.1s -> now 4.6s (incremental -0.5s)]
[49/121] Testing necessity of lemma_fold_left_int_equals_nat_as_int_u128... commenting out (0 calls)... verifying... FAILED → USED (restored) [initial 5.1s -> now 0.1s (incremental -5.0s)]
[50/121] Testing necessity of lemma_mul_commutative_ghost... commenting out (0 calls)... verifying... PASSED → UNUSED (kept commented) [initial 5.1s -> now 4.5s (incremental -0.6s)]
[51/121] Testing necessity of lemma_spec_add_associative... commenting out (0 calls)... verifying... PASSED → UNUSED (kept commented) [initial 5.1s -> now 4.6s (incremental -0.5s)]
[52/121] Testing necessity of lemma_weighted_fold_left_step[int]... commenting out (0 calls)... verifying... FAILED → USED (restored) [initial 5.1s -> now 0.1s (incremental -5.0s)]
[53/121] Testing necessity of lemma_seq_index_in_to_set[int]... commenting out (0 calls)... verifying... PASSED → UNUSED (kept commented) [initial 5.1s -> now 4.7s (incremental -0.5s)]
[54/121] Testing necessity of lemma_spec_mul_associative... commenting out (0 calls)... verifying... PASSED → UNUSED (kept commented) [initial 5.1s -> now 5.3s (incremental +0.2s)]
[55/121] Testing necessity of lemma_seq_fold_left_plus_is_weighted_seq_sum... commenting out (0 calls)... verifying... FAILED → USED (restored) [initial 5.1s -> now 0.9s (incremental -4.2s)]
[56/121] Testing necessity of lemma_signed_seq_fold_left_plus_is_weighted_seq_sum_i8... commenting out (0 calls)... verifying... FAILED → USED (restored) [initial 5.1s -> now 0.1s (incremental -5.0s)]
[57/121] Testing necessity of lemma_int_fold_equals_nat_fold_weighted... commenting out (0 calls)... verifying... FAILED → USED (restored) [initial 5.1s -> now 1.2s (incremental -3.9s)]
[58/121] Testing necessity of lemma_add_associative_ghost... commenting out (0 calls)... verifying... PASSED → UNUSED (kept commented) [initial 5.1s -> now 4.7s (incremental -0.4s)]
[59/121] Testing necessity of lemma_no_dup_same_set_implies_same_multiset... commenting out (0 calls)... verifying... FAILED → USED (restored) [initial 5.1s -> now 0.1s (incremental -5.0s)]
[60/121] Testing necessity of lemma_fold_left_int_equals_nat_as_int... commenting out (0 calls)... verifying... FAILED → USED (restored) [initial 5.1s -> now 1.0s (incremental -4.1s)]
[61/121] Testing necessity of lemma_signed_seq_fold_left_plus_is_weighted_seq_sum_isize... commenting out (0 calls)... verifying... FAILED → USED (restored) [initial 5.1s -> now 0.1s (incremental -5.0s)]
[62/121] Testing necessity of lemma_push_not_contains_to_set_superset... commenting out (0 calls)... verifying... FAILED → USED (restored) [initial 5.1s -> now 1.0s (incremental -4.1s)]
[63/121] Testing necessity of lemma_sub_anticommutative_ghost... commenting out (0 calls)... verifying... FAILED → USED (restored) [initial 5.1s -> now 0.9s (incremental -4.2s)]
[64/121] Testing necessity of lemma_fold_left_int_equals_nat_as_int_u8... commenting out (0 calls)... verifying... FAILED → USED (restored) [initial 5.1s -> now 0.1s (incremental -5.0s)]
[65/121] Testing necessity of lemma_spec_mul_distributes_over_add... commenting out (0 calls)... verifying... PASSED → UNUSED (kept commented) [initial 5.1s -> now 4.8s (incremental -0.3s)]
[66/121] Testing necessity of lemma_sum_monotonic... commenting out (0 calls)... verifying... PASSED → UNUSED (kept commented) [initial 5.1s -> now 4.7s (incremental -0.4s)]
[67/121] Testing necessity of lemma_sum_int_equiv[int]... commenting out (0 calls)... verifying... FAILED → USED (restored) [initial 5.1s -> now 0.1s (incremental -5.0s)]
[68/121] Testing necessity of lemma_signed_seq_fold_left_plus_is_weighted_seq_sum_i128... commenting out (0 calls)... verifying... FAILED → USED (restored) [initial 5.1s -> now 0.1s (incremental -5.0s)]
[69/121] Testing necessity of lemma_spec_nat_seq_sum_is_nat_set_sum[nat]... commenting out (0 calls)... verifying... FAILED → USED (restored) [initial 5.1s -> now 0.1s (incremental -5.0s)]
[70/121] Testing necessity of lemma_spec_add_commutative... commenting out (0 calls)... verifying... PASSED → UNUSED (kept commented) [initial 5.1s -> now 4.8s (incremental -0.3s)]
[71/121] Testing necessity of lemma_mul_distributes_over_add_ghost... commenting out (0 calls)... verifying... FAILED → USED (restored) [initial 5.1s -> now 0.1s (incremental -5.0s)]
[72/121] Testing necessity of lemma_sum_int_push[int]... commenting out (0 calls)... verifying... FAILED → USED (restored) [initial 5.1s -> now 0.1s (incremental -5.0s)]
[73/121] Testing necessity of lemma_pow2_lt_u64_max[nat]... commenting out (0 calls)... verifying... FAILED → USED (restored) [initial 5.1s -> now 0.1s (incremental -5.0s)]
[74/121] Testing necessity of lemma_u32_view_identity... commenting out (0 calls)... verifying... FAILED → USED (restored) [initial 5.1s -> now 0.1s (incremental -5.0s)]
[75/121] Testing necessity of lemma_seq_fold_left_plus_is_weighted_seq_sum_u8... commenting out (0 calls)... verifying... FAILED → USED (restored) [initial 5.1s -> now 0.1s (incremental -5.0s)]
[76/121] Testing necessity of lemma_spec_add_associative... commenting out (0 calls)... verifying... PASSED → UNUSED (kept commented) [initial 5.1s -> now 4.8s (incremental -0.3s)]
[77/121] Testing necessity of lemma_signed_seq_fold_left_plus_is_weighted_seq_sum... commenting out (0 calls)... verifying... FAILED → USED (restored) [initial 5.1s -> now 3.9s (incremental -1.2s)]
[78/121] Testing necessity of lemma_mul_associative_ghost... commenting out (0 calls)... verifying... FAILED → USED (restored) [initial 5.1s -> now 1.0s (incremental -4.2s)]
[79/121] Testing necessity of lemma_take_extends_set_subset[int]... commenting out (0 calls)... verifying... FAILED → USED (restored) [initial 5.1s -> now 0.1s (incremental -5.0s)]
[80/121] Testing necessity of lemma_mul_associative_ghost... commenting out (0 calls)... verifying... PASSED → UNUSED (kept commented) [initial 5.1s -> now 4.9s (incremental -0.3s)]
[81/121] Testing necessity of lemma_signed_seq_fold_left_plus_is_weighted_seq_sum_i64... commenting out (0 calls)... verifying... FAILED → USED (restored) [initial 5.1s -> now 1.0s (incremental -4.1s)]
[82/121] Testing necessity of lemma_push_not_contains_to_set_subset... commenting out (0 calls)... verifying... FAILED → USED (restored) [initial 5.1s -> now 0.9s (incremental -4.2s)]
[83/121] Testing necessity of lemma_pow2_31_lt_u32_max... commenting out (0 calls)... verifying... FAILED → USED (restored) [initial 5.1s -> now 0.1s (incremental -5.0s)]
[84/121] Testing necessity of lemma_spec_add_commutative... commenting out (0 calls)... verifying... PASSED → UNUSED (kept commented) [initial 5.1s -> now 4.7s (incremental -0.4s)]
[85/121] Testing necessity of lemma_fold_left_int_equals_nat_as_int_u16... commenting out (0 calls)... verifying... FAILED → USED (restored) [initial 5.1s -> now 0.1s (incremental -5.0s)]
[86/121] Testing necessity of lemma_nat_any_order_no_overflow[nat]... commenting out (0 calls)... verifying... FAILED → USED (restored) [initial 5.1s -> now 0.1s (incremental -5.0s)]
[87/121] Testing necessity of lemma_seq_fold_left_plus_is_weighted_seq_sum_usize... commenting out (0 calls)... verifying... FAILED → USED (restored) [initial 5.1s -> now 0.9s (incremental -4.2s)]
[88/121] Testing necessity of lemma_signed_weighted_seq_fold_equals_set_fold... commenting out (1 calls)... verifying... FAILED → USED (restored) [initial 5.1s -> now 1.0s (incremental -4.1s)]
[89/121] Testing necessity of lemma_spec_nat_seq_fold_equals_spec_set_fold[nat]... commenting out (1 calls)... verifying... FAILED → USED (restored) [initial 5.1s -> now 0.1s (incremental -5.0s)]
[90/121] Testing necessity of lemma_signed_weighted_seq_fold_equals_set_fold_i8... commenting out (1 calls)... verifying... FAILED → USED (restored) [initial 5.1s -> now 1.0s (incremental -4.1s)]
[91/121] Testing necessity of lemma_take_full_to_set_with_view... commenting out (1 calls)... verifying... FAILED → USED (restored) [initial 5.1s -> now 0.1s (incremental -5.0s)]
[92/121] Testing necessity of lemma_weighted_seq_fold_equals_set_fold... commenting out (1 calls)... verifying... FAILED → USED (restored) [initial 5.1s -> now 0.1s (incremental -5.0s)]
[93/121] Testing necessity of lemma_to_seq_gives_same_set... commenting out (1 calls)... verifying... FAILED → USED (restored) [initial 5.1s -> now 1.0s (incremental -4.1s)]
[94/121] Testing necessity of lemma_pow2_46_lt_u64_max... commenting out (1 calls)... verifying... FAILED → USED (restored) [initial 5.1s -> now 0.9s (incremental -4.2s)]
[95/121] Testing necessity of lemma_signed_weighted_seq_fold_equals_set_fold_i16... commenting out (1 calls)... verifying... FAILED → USED (restored) [initial 5.1s -> now 0.1s (incremental -5.0s)]
[96/121] Testing necessity of lemma_weighted_seq_fold_equals_set_fold_u128... commenting out (1 calls)... verifying... FAILED → USED (restored) [initial 5.1s -> now 1.0s (incremental -4.1s)]
[97/121] Testing necessity of lemma_seq_map_to_set_equality... commenting out (1 calls)... verifying... FAILED → USED (restored) [initial 5.1s -> now 0.1s (incremental -5.0s)]
[98/121] Testing necessity of lemma_weighted_seq_fold_equals_set_fold_u16... commenting out (1 calls)... verifying... FAILED → USED (restored) [initial 5.1s -> now 1.1s (incremental -4.0s)]
[99/121] Testing necessity of lemma_weighted_seq_fold_equals_set_fold_u64... commenting out (1 calls)... verifying... FAILED → USED (restored) [initial 5.1s -> now 0.1s (incremental -5.0s)]
[100/121] Testing necessity of lemma_signed_weighted_seq_fold_equals_set_fold_isize... commenting out (1 calls)... verifying... FAILED → USED (restored) [initial 5.1s -> now 1.2s (incremental -3.9s)]
[101/121] Testing necessity of lemma_weighted_seq_fold_equals_set_fold_usize... commenting out (1 calls)... verifying... FAILED → USED (restored) [initial 5.1s -> now 1.0s (incremental -4.1s)]
[102/121] Testing necessity of lemma_seq_map_to_set_eq_set_map... commenting out (1 calls)... verifying... FAILED → USED (restored) [initial 5.1s -> now 1.0s (incremental -4.1s)]
[103/121] Testing necessity of lemma_signed_weighted_seq_fold_equals_set_fold_i128... commenting out (1 calls)... verifying... FAILED → USED (restored) [initial 5.1s -> now 1.3s (incremental -3.8s)]
[104/121] Testing necessity of lemma_take_one_more_extends_the_seq_set[int]... commenting out (1 calls)... verifying... FAILED → USED (restored) [initial 5.1s -> now 0.1s (incremental -5.0s)]
[105/121] Testing necessity of lemma_take_one_more_intersect[int]... commenting out (1 calls)... verifying... FAILED → USED (restored) [initial 5.1s -> now 0.1s (incremental -5.0s)]
[106/121] Testing necessity of lemma_signed_weighted_seq_fold_equals_set_fold_i64... commenting out (1 calls)... verifying... FAILED → USED (restored) [initial 5.1s -> now 1.1s (incremental -4.0s)]
[107/121] Testing necessity of lemma_weighted_seq_fold_equals_set_fold_u8... commenting out (1 calls)... verifying... FAILED → USED (restored) [initial 5.1s -> now 1.2s (incremental -3.9s)]
[108/121] Testing necessity of lemma_pow2_mono[nat]... commenting out (2 calls)... verifying... FAILED → USED (restored) [initial 5.1s -> now 1.0s (incremental -4.1s)]
[109/121] Testing necessity of axiom_cloned_implies_eq... commenting out (2 calls)... verifying... FAILED → USED (restored) [initial 5.1s -> now 1.0s (incremental -4.1s)]
[110/121] Testing necessity of lemma_set_contains_insert_idempotent... commenting out (3 calls)... verifying... FAILED → USED (restored) [initial 5.1s -> now 0.9s (incremental -4.2s)]
[111/121] Testing necessity of lemma_nat_fold_left_step[nat,int]... commenting out (3 calls)... verifying... FAILED → USED (restored) [initial 5.1s -> now 0.1s (incremental -5.0s)]
[112/121] Testing necessity of lemma_take_one_more_extends_the_seq_set_with_view[int]... commenting out (8 calls)... verifying... FAILED → USED (restored) [initial 5.1s -> now 0.1s (incremental -5.0s)]
[113/121] Testing necessity of total<u8, u16, u32, u64, u128, usize, i8, i16, i32, i64, i128, isize> (12 type variants)... commenting out (13 calls)... verifying... FAILED → USED (restored) [initial 5.1s -> now 1.0s (incremental -4.1s)]
[114/121] Testing necessity of antisymmetric<u8, u16, u32, u64, u128, usize, i8, i16, i32, i64, i128, isize> (12 type variants)... commenting out (13 calls)... verifying... FAILED → USED (restored) [initial 5.1s -> now 0.1s (incremental -5.0s)]
[115/121] Testing necessity of antisymmetric<u8, u16, u32, u64, u128, usize, i8, i16, i32, i64, i128, isize, f32, f64> (14 type variants)... commenting out (15 calls)... verifying... FAILED → USED (restored) [initial 5.1s -> now 1.0s (incremental -4.1s)]
[116/121] Testing necessity of transitive<u8, u16, u32, u64, u128, usize, i8, i16, i32, i64, i128, isize> (12 type variants)... commenting out (26 calls)... verifying... FAILED → USED (restored) [initial 5.1s -> now 0.1s (incremental -5.0s)]
[117/121] Testing necessity of transitive<u8, u16, u32, u64, u128, usize, i8, i16, i32, i64, i128, isize, f32, f64> (14 type variants)... commenting out (30 calls)... verifying... FAILED → USED (restored) [initial 5.1s -> now 0.1s (incremental -5.0s)]
[118/121] Testing necessity of reflexive<u8, u16, u32, u64, u128, usize, i8, i16, i32, i64, i128, isize> (12 type variants)... commenting out (78 calls)... verifying... FAILED → USED (restored) [initial 5.1s -> now 0.1s (incremental -5.0s)]
[119/121] Testing necessity of lemma_map_to_set_contains_index... commenting out (82 calls)... verifying... FAILED → USED (restored) [initial 5.1s -> now 1.0s (incremental -4.1s)]
[120/121] Testing necessity of lemma_seq_index_in_map_to_set[int]... commenting out (83 calls)... verifying... FAILED → USED (restored) [initial 5.1s -> now 1.0s (incremental -4.1s)]
[121/121] Testing necessity of reflexive<u8, u16, u32, u64, u128, usize, i8, i16, i32, i64, i128, isize, f32, f64> (14 type variants)... commenting out (90 calls)... verifying... FAILED → USED (restored) [initial 5.1s -> now 0.1s (incremental -5.0s)]

═══════════════════════════════════════════════════════════════
Phase 9: Testing library asserts
═══════════════════════════════════════════════════════════════

For each assert: comment out, verify. NEEDED=restored, UNNEEDED=left commented.

Found 241 asserts in library, testing 241

[1/241] assert L29 in lemma_pow2_46_lt_u64_max... UNNEEDED (commented) [initial 4.8s -> now 4.6s (incremental -0.2s)]
[2/241] assert L30 in lemma_pow2_46_lt_u64_max... UNNEEDED (commented) [initial 4.8s -> now 4.7s (incremental -0.2s)]
[3/241] assert L39 in lemma_pow2_63_lt_u64_max... UNNEEDED (commented) [initial 4.8s -> now 4.5s (incremental -0.3s)]
[4/241] assert L40 in lemma_pow2_63_lt_u64_max... UNNEEDED (commented) [initial 4.8s -> now 4.9s (incremental +0.1s)]
[5/241] assert L61 in lemma_pow2_31_lt_u32_max... UNNEEDED (commented) [initial 4.8s -> now 4.8s (incremental -0.1s)]
[6/241] assert L62 in lemma_pow2_31_lt_u32_max... UNNEEDED (commented) [initial 4.8s -> now 4.6s (incremental -0.2s)]
[7/241] assert L85 in seq_u32_to_CheckedU32... NEEDED (restored) [initial 4.8s -> now 3.9s (incremental ~0s)]
[8/241] assert L98 in lemma_sum_u32_unfold_take... NEEDED (restored) [initial 4.8s -> now 3.9s (incremental ~0s)]
[9/241] assert L99 in lemma_sum_u32_unfold_take... UNNEEDED (commented) [initial 4.8s -> now 4.5s (incremental -0.3s)]
[10/241] assert L136 in lemma_sum_int_push... NEEDED (restored) [initial 4.8s -> now 4.2s (incremental ~0s)]
[11/241] assert L137 in lemma_sum_int_push... UNNEEDED (commented) [initial 4.8s -> now 4.7s (incremental -0.1s)]
[12/241] assert L148 in lemma_sum_int_unfold_take... NEEDED (restored) [initial 4.8s -> now 3.7s (incremental ~0s)]
[13/241] assert L149 in lemma_sum_int_unfold_take... UNNEEDED (commented) [initial 4.8s -> now 4.4s (incremental -0.4s)]
[14/241] assert L172 in lemma_sum_checked_u32_unfold_take... NEEDED (restored) [initial 4.8s -> now 3.8s (incremental ~0s)]
[15/241] assert L173 in lemma_sum_checked_u32_unfold_take... NEEDED (restored) [initial 4.8s -> now 3.7s (incremental ~0s)]
[16/241] assert L37 in lemma_push_not_contains_to_set_subset<T>... NEEDED (restored) [initial 4.8s -> now 1.1s (incremental ~0s)]
[17/241] assert L41 in lemma_push_not_contains_to_set_subset<T>... UNNEEDED (commented) [initial 4.8s -> now 4.8s (incremental -0.0s)]
[18/241] assert L43 in lemma_push_not_contains_to_set_subset<T>... UNNEEDED (commented) [initial 4.8s -> now 4.8s (incremental -0.0s)]
[19/241] assert L44 in lemma_push_not_contains_to_set_subset<T>... UNNEEDED (commented) [initial 4.8s -> now 4.5s (incremental -0.3s)]
[20/241] assert L45 in lemma_push_not_contains_to_set_subset<T>... UNNEEDED (commented) [initial 4.8s -> now 4.8s (incremental -0.1s)]
[21/241] assert L62 in lemma_push_not_contains_to_set_superset<T>... NEEDED (restored) [initial 4.8s -> now 1.0s (incremental ~0s)]
[22/241] assert L65 in lemma_push_not_contains_to_set_superset<T>... UNNEEDED (commented) [initial 4.8s -> now 4.9s (incremental +0.1s)]
[23/241] assert L66 in lemma_push_not_contains_to_set_superset<T>... UNNEEDED (commented) [initial 4.8s -> now 4.8s (incremental -0.1s)]
[24/241] assert L68 in lemma_push_not_contains_to_set_superset<T>... UNNEEDED (commented) [initial 4.8s -> now 4.9s (incremental +0.0s)]
[25/241] assert L70 in lemma_push_not_contains_to_set_superset<T>... UNNEEDED (commented) [initial 4.8s -> now 5.0s (incremental +0.1s)]
[26/241] assert L71 in lemma_push_not_contains_to_set_superset<T>... UNNEEDED (commented) [initial 4.8s -> now 4.5s (incremental -0.3s)]
[27/241] assert L114 in lemma_take_extends_set_subset<T>... UNNEEDED (commented) [initial 4.8s -> now 4.8s (incremental -0.1s)]
[28/241] assert L115 in lemma_take_extends_set_subset<T>... UNNEEDED (commented) [initial 4.8s -> now 4.6s (incremental -0.2s)]
[29/241] assert L117 in lemma_take_extends_set_subset<T>... NEEDED (restored) [initial 4.8s -> now 1.1s (incremental ~0s)]
[30/241] assert L120 in lemma_take_extends_set_subset<T>... UNNEEDED (commented) [initial 4.8s -> now 4.8s (incremental -0.1s)]
[31/241] assert L121 in lemma_take_extends_set_subset<T>... UNNEEDED (commented) [initial 4.8s -> now 4.5s (incremental -0.4s)]
[32/241] assert L123 in lemma_take_extends_set_subset<T>... UNNEEDED (commented) [initial 4.8s -> now 4.6s (incremental -0.2s)]
[33/241] assert L125 in lemma_take_extends_set_subset<T>... UNNEEDED (commented) [initial 4.8s -> now 4.6s (incremental -0.2s)]
[34/241] assert L126 in lemma_take_extends_set_subset<T>... UNNEEDED (commented) [initial 4.8s -> now 4.7s (incremental -0.1s)]
[35/241] assert L127 in lemma_take_extends_set_subset<T>... UNNEEDED (commented) [initial 4.8s -> now 4.7s (incremental -0.1s)]
[36/241] assert L145 in lemma_take_extends_set_superset<T>... NEEDED (restored) [initial 4.8s -> now 1.0s (incremental ~0s)]
[37/241] assert L147 in lemma_take_extends_set_superset<T>... UNNEEDED (commented) [initial 4.8s -> now 4.6s (incremental -0.3s)]
[38/241] assert L150 in lemma_take_extends_set_superset<T>... UNNEEDED (commented) [initial 4.8s -> now 4.4s (incremental -0.4s)]
[39/241] assert L151 in lemma_take_extends_set_superset<T>... UNNEEDED (commented) [initial 4.8s -> now 4.8s (incremental -0.1s)]
[40/241] assert L152 in lemma_take_extends_set_superset<T>... UNNEEDED (commented) [initial 4.8s -> now 5.0s (incremental +0.1s)]
[41/241] assert L154 in lemma_take_extends_set_superset<T>... UNNEEDED (commented) [initial 4.8s -> now 4.7s (incremental -0.1s)]
[42/241] assert L155 in lemma_take_extends_set_superset<T>... UNNEEDED (commented) [initial 4.8s -> now 4.9s (incremental +0.1s)]
[43/241] assert L181 in lemma_set_contains_insert_idempotent<V>... UNNEEDED (commented) [initial 4.8s -> now 4.6s (incremental -0.3s)]
[44/241] assert L182 in lemma_set_contains_insert_idempotent<V>... UNNEEDED (commented) [initial 4.8s -> now 4.5s (incremental -0.3s)]
[45/241] assert L204 in lemma_take_one_more_extends_the_seq_set_with_view<T: View>... NEEDED (restored) [initial 4.8s -> now 0.1s (incremental ~0s)]
[46/241] assert L205 in lemma_take_one_more_extends_the_seq_set_with_view<T: View>... UNNEEDED (commented) [initial 4.8s -> now 4.8s (incremental +0.0s)]
[47/241] assert L206 in lemma_take_one_more_extends_the_seq_set_with_view<T: View>... UNNEEDED (commented) [initial 4.8s -> now 4.9s (incremental +0.1s)]
[48/241] assert L207 in lemma_take_one_more_extends_the_seq_set_with_view<T: View>... UNNEEDED (commented) [initial 4.8s -> now 4.7s (incremental -0.1s)]
[49/241] assert L209 in lemma_take_one_more_extends_the_seq_set_with_view<T: View>... UNNEEDED (commented) [initial 4.8s -> now 4.8s (incremental -0.0s)]
[50/241] assert L212 in lemma_take_one_more_extends_the_seq_set_with_view<T: View>... NEEDED (restored) [initial 4.8s -> now 1.1s (incremental ~0s)]
[51/241] assert L215 in lemma_take_one_more_extends_the_seq_set_with_view<T: View>... NEEDED (restored) [initial 4.8s -> now 3.7s (incremental ~0s)]
[52/241] assert L218 in lemma_take_one_more_extends_the_seq_set_with_view<T: View>... NEEDED (restored) [initial 4.8s -> now 3.9s (incremental ~0s)]
[53/241] assert L223 in lemma_take_one_more_extends_the_seq_set_with_view<T: View>... NEEDED (restored) [initial 4.8s -> now 1.0s (incremental ~0s)]
[54/241] assert L227 in lemma_take_one_more_extends_the_seq_set_with_view<T: View>... UNNEEDED (commented) [initial 4.8s -> now 4.6s (incremental -0.2s)]
[55/241] assert L229 in lemma_take_one_more_extends_the_seq_set_with_view<T: View>... UNNEEDED (commented) [initial 4.8s -> now 5.2s (incremental +0.3s)]
[56/241] assert L230 in lemma_take_one_more_extends_the_seq_set_with_view<T: View>... UNNEEDED (commented) [initial 4.8s -> now 4.7s (incremental -0.1s)]
[57/241] assert L244 in lemma_take_full_to_set_with_view<T: View>... UNNEEDED (commented) [initial 4.8s -> now 4.7s (incremental -0.2s)]
[58/241] assert L260 in lemma_seq_index_in_map_to_set<T: View>... UNNEEDED (commented) [initial 4.8s -> now 4.7s (incremental -0.1s)]
[59/241] assert L261 in lemma_seq_index_in_map_to_set<T: View>... NEEDED (restored) [initial 4.8s -> now 3.9s (incremental ~0s)]
[60/241] assert L275 in lemma_map_to_set_contains_index<T: View>... UNNEEDED (commented) [initial 4.8s -> now 4.7s (incremental -0.1s)]
[61/241] assert L278 in lemma_map_to_set_contains_index<T: View>... UNNEEDED (commented) [initial 4.8s -> now 4.5s (incremental -0.3s)]
[62/241] assert L279 in lemma_map_to_set_contains_index<T: View>... UNNEEDED (commented) [initial 4.8s -> now 4.8s (incremental -0.1s)]
[63/241] assert L280 in lemma_map_to_set_contains_index<T: View>... UNNEEDED (commented) [initial 4.8s -> now 4.5s (incremental -0.3s)]
[64/241] assert L298 in lemma_seq_map_to_set_equality<T: View>... NEEDED (restored) [initial 4.8s -> now 0.1s (incremental ~0s)]
[65/241] assert L302 in lemma_seq_map_to_set_equality<T: View>... NEEDED (restored) [initial 4.8s -> now 3.9s (incremental ~0s)]
[66/241] assert L307 in lemma_seq_map_to_set_equality<T: View>... NEEDED (restored) [initial 4.8s -> now 0.1s (incremental ~0s)]
[67/241] assert L312 in lemma_seq_map_to_set_equality<T: View>... UNNEEDED (commented) [initial 4.8s -> now 4.7s (incremental -0.2s)]
[68/241] assert L315 in lemma_seq_map_to_set_equality<T: View>... NEEDED (restored) [initial 4.8s -> now 3.9s (incremental ~0s)]
[69/241] assert L344 in lemma_take_one_more_intersect<T: View>... UNNEEDED (commented) [initial 4.8s -> now 4.5s (incremental -0.4s)]
[70/241] assert L349 in lemma_take_one_more_intersect<T: View>... NEEDED (restored) [initial 4.8s -> now 1.0s (incremental ~0s)]
[71/241] assert L351 in lemma_take_one_more_intersect<T: View>... UNNEEDED (commented) [initial 4.8s -> now 5.1s (incremental +0.3s)]
[72/241] assert L353 in lemma_take_one_more_intersect<T: View>... UNNEEDED (commented) [initial 4.8s -> now 4.8s (incremental -0.0s)]
[73/241] assert L355 in lemma_take_one_more_intersect<T: View>... UNNEEDED (commented) [initial 4.8s -> now 4.7s (incremental -0.1s)]
[74/241] assert L356 in lemma_take_one_more_intersect<T: View>... UNNEEDED (commented) [initial 4.8s -> now 4.5s (incremental -0.3s)]
[75/241] assert L360 in lemma_take_one_more_intersect<T: View>... NEEDED (restored) [initial 4.8s -> now 1.1s (incremental ~0s)]
[76/241] assert L363 in lemma_take_one_more_intersect<T: View>... UNNEEDED (commented) [initial 4.8s -> now 4.6s (incremental -0.3s)]
[77/241] assert L364 in lemma_take_one_more_intersect<T: View>... UNNEEDED (commented) [initial 4.8s -> now 4.9s (incremental +0.0s)]
[78/241] assert L366 in lemma_take_one_more_intersect<T: View>... UNNEEDED (commented) [initial 4.8s -> now 4.4s (incremental -0.5s)]
[79/241] assert L367 in lemma_take_one_more_intersect<T: View>... UNNEEDED (commented) [initial 4.8s -> now 4.7s (incremental -0.1s)]
[80/241] assert L373 in lemma_take_one_more_intersect<T: View>... NEEDED (restored) [initial 4.8s -> now 1.1s (incremental ~0s)]
[81/241] assert L375 in lemma_take_one_more_intersect<T: View>... UNNEEDED (commented) [initial 4.8s -> now 4.8s (incremental -0.0s)]
[82/241] assert L376 in lemma_take_one_more_intersect<T: View>... UNNEEDED (commented) [initial 4.8s -> now 4.5s (incremental -0.3s)]
[83/241] assert L377 in lemma_take_one_more_intersect<T: View>... UNNEEDED (commented) [initial 4.8s -> now 4.6s (incremental -0.2s)]
[84/241] assert L380 in lemma_take_one_more_intersect<T: View>... NEEDED (restored) [initial 4.8s -> now 1.1s (incremental ~0s)]
[85/241] assert L382 in lemma_take_one_more_intersect<T: View>... UNNEEDED (commented) [initial 4.8s -> now 4.7s (incremental -0.1s)]
[86/241] assert L383 in lemma_take_one_more_intersect<T: View>... UNNEEDED (commented) [initial 4.8s -> now 5.0s (incremental +0.2s)]
[87/241] assert L405 in lemma_spec_nat_seq_fold_equals_spec_set_fold... NEEDED (restored) [initial 4.8s -> now 3.9s (incremental ~0s)]
[88/241] assert L412 in lemma_spec_nat_seq_fold_equals_spec_set_fold... NEEDED (restored) [initial 4.8s -> now 4.2s (incremental ~0s)]
[89/241] assert L414 in lemma_spec_nat_seq_fold_equals_spec_set_fold... NEEDED (restored) [initial 4.8s -> now 0.1s (incremental ~0s)]
[90/241] assert L415 in lemma_spec_nat_seq_fold_equals_spec_set_fold... NEEDED (restored) [initial 4.8s -> now 1.0s (incremental ~0s)]
[91/241] assert L420 in lemma_spec_nat_seq_fold_equals_spec_set_fold... NEEDED (restored) [initial 4.8s -> now 0.1s (incremental ~0s)]
[92/241] assert L423 in lemma_spec_nat_seq_fold_equals_spec_set_fold... UNNEEDED (commented) [initial 4.8s -> now 4.6s (incremental -0.3s)]
[93/241] assert L430 in lemma_spec_nat_seq_fold_equals_spec_set_fold... UNNEEDED (commented) [initial 4.8s -> now 4.4s (incremental -0.4s)]
[94/241] assert L431 in lemma_spec_nat_seq_fold_equals_spec_set_fold... UNNEEDED (commented) [initial 4.8s -> now 4.8s (incremental -0.1s)]
[95/241] assert L448 in lemma_to_seq_no_duplicates<T>... UNNEEDED (commented) [initial 4.8s -> now 4.6s (incremental -0.2s)]
[96/241] assert L453 in lemma_to_seq_no_duplicates<T>... UNNEEDED (commented) [initial 4.8s -> now 4.7s (incremental -0.2s)]
[97/241] assert L455 in lemma_to_seq_no_duplicates<T>... NEEDED (restored) [initial 4.8s -> now 0.1s (incremental ~0s)]
[98/241] assert L457 in lemma_to_seq_no_duplicates<T>... UNNEEDED (commented) [initial 4.8s -> now 4.7s (incremental -0.1s)]
[99/241] assert L458 in lemma_to_seq_no_duplicates<T>... UNNEEDED (commented) [initial 4.8s -> now 4.5s (incremental -0.3s)]
[100/241] assert L464 in lemma_to_seq_no_duplicates<T>... UNNEEDED (commented) [initial 4.8s -> now 4.6s (incremental -0.3s)]
[101/241] assert L465 in lemma_to_seq_no_duplicates<T>... UNNEEDED (commented) [initial 4.8s -> now 4.6s (incremental -0.2s)]
[102/241] assert L468 in lemma_to_seq_no_duplicates<T>... NEEDED (restored) [initial 4.8s -> now 1.1s (incremental ~0s)]
[103/241] assert L471 in lemma_to_seq_no_duplicates<T>... UNNEEDED (commented) [initial 4.8s -> now 4.5s (incremental -0.4s)]
[104/241] assert L472 in lemma_to_seq_no_duplicates<T>... UNNEEDED (commented) [initial 4.8s -> now 5.2s (incremental +0.4s)]
[105/241] assert L527 in lemma_nat_fold_left_step... NEEDED (restored) [initial 4.8s -> now 4.0s (incremental ~0s)]
[106/241] assert L530 in lemma_nat_fold_left_step... UNNEEDED (commented) [initial 4.8s -> now 4.7s (incremental -0.2s)]
[107/241] assert L533 in lemma_nat_fold_left_step... UNNEEDED (commented) [initial 4.8s -> now 4.5s (incremental -0.3s)]
[108/241] assert L547 in lemma_spec_nat_seq_sum_no_intermediate_overflow... NEEDED (restored) [initial 4.8s -> now 0.1s (incremental ~0s)]
[109/241] assert L550 in lemma_spec_nat_seq_sum_no_intermediate_overflow... UNNEEDED (commented) [initial 4.8s -> now 4.5s (incremental -0.3s)]
[110/241] assert L586 in lemma_no_dup_same_set_implies_same_multiset<T>... NEEDED (restored) [initial 4.8s -> now 0.1s (incremental ~0s)]
[111/241] assert L588 in lemma_no_dup_same_set_implies_same_multiset<T>... UNNEEDED (commented) [initial 4.8s -> now 4.7s (incremental -0.1s)]
[112/241] assert L589 in lemma_no_dup_same_set_implies_same_multiset<T>... NEEDED (restored) [initial 4.8s -> now 3.8s (incremental ~0s)]
[113/241] assert L590 in lemma_no_dup_same_set_implies_same_multiset<T>... UNNEEDED (commented) [initial 4.8s -> now 4.6s (incremental -0.2s)]
[114/241] assert L596 in lemma_no_dup_same_set_implies_same_multiset<T>... UNNEEDED (commented) [initial 4.8s -> now 4.6s (incremental -0.2s)]
[115/241] assert L597 in lemma_no_dup_same_set_implies_same_multiset<T>... NEEDED (restored) [initial 4.8s -> now 3.9s (incremental ~0s)]
[116/241] assert L598 in lemma_no_dup_same_set_implies_same_multiset<T>... UNNEEDED (commented) [initial 4.8s -> now 4.6s (incremental -0.3s)]
[117/241] assert L599 in lemma_no_dup_same_set_implies_same_multiset<T>... UNNEEDED (commented) [initial 4.8s -> now 4.7s (incremental -0.1s)]
[118/241] assert L603 in lemma_no_dup_same_set_implies_same_multiset<T>... UNNEEDED (commented) [initial 4.8s -> now 4.7s (incremental -0.2s)]
[119/241] assert L620 in lemma_spec_nat_seq_sum_permutation_invariant... NEEDED (restored) [initial 4.8s -> now 0.1s (incremental ~0s)]
[120/241] assert L621 in lemma_spec_nat_seq_sum_permutation_invariant... UNNEEDED (commented) [initial 4.8s -> now 5.1s (incremental +0.3s)]
[121/241] assert L638 in lemma_u32_view_identity... NEEDED (restored) [initial 4.8s -> now 1.3s (incremental ~0s)]
[122/241] assert L640 in lemma_u32_view_identity... UNNEEDED (commented) [initial 4.8s -> now 4.6s (incremental -0.2s)]
[123/241] assert L656 in lemma_to_seq_gives_same_set... NEEDED (restored) [initial 4.8s -> now 0.1s (incremental ~0s)]
[124/241] assert L659 in lemma_to_seq_gives_same_set... UNNEEDED (commented) [initial 4.8s -> now 4.5s (incremental -0.4s)]
[125/241] assert L663 in lemma_to_seq_gives_same_set... UNNEEDED (commented) [initial 4.8s -> now 4.7s (incremental -0.1s)]
[126/241] assert L679 in lemma_seq_map_to_set_eq_set_map... NEEDED (restored) [initial 4.8s -> now 0.1s (incremental ~0s)]
[127/241] assert L682 in lemma_seq_map_to_set_eq_set_map... NEEDED (restored) [initial 4.8s -> now 3.9s (incremental ~0s)]
[128/241] assert L686 in lemma_seq_map_to_set_eq_set_map... UNNEEDED (commented) [initial 4.8s -> now 4.6s (incremental -0.3s)]
[129/241] assert L688 in lemma_seq_map_to_set_eq_set_map... NEEDED (restored) [initial 4.8s -> now 3.8s (incremental ~0s)]
[130/241] assert L704 in lemma_set_contains_iff_to_seq_map_contains... UNNEEDED (commented) [initial 4.8s -> now 4.6s (incremental -0.3s)]
[131/241] assert L705 in lemma_set_contains_iff_to_seq_map_contains... UNNEEDED (commented) [initial 4.8s -> now 4.7s (incremental -0.1s)]
[132/241] assert L741 in lemma_weighted_fold_left_step<A, B>... NEEDED (restored) [initial 4.8s -> now 3.9s (incremental ~0s)]
[133/241] assert L742 in lemma_weighted_fold_left_step<A, B>... UNNEEDED (commented) [initial 4.8s -> now 4.6s (incremental -0.3s)]
[134/241] assert L756 in lemma_weighted_seq_fold_equals_set_fold<A, B>... NEEDED (restored) [initial 4.8s -> now 3.9s (incremental ~0s)]
[135/241] assert L763 in lemma_weighted_seq_fold_equals_set_fold<A, B>... NEEDED (restored) [initial 4.8s -> now 4.0s (incremental ~0s)]
[136/241] assert L766 in lemma_weighted_seq_fold_equals_set_fold<A, B>... NEEDED (restored) [initial 4.8s -> now 0.1s (incremental ~0s)]
[137/241] assert L767 in lemma_weighted_seq_fold_equals_set_fold<A, B>... NEEDED (restored) [initial 4.8s -> now 1.0s (incremental ~0s)]
[138/241] assert L773 in lemma_weighted_seq_fold_equals_set_fold<A, B>... NEEDED (restored) [initial 4.8s -> now 0.1s (incremental ~0s)]
[139/241] assert L776 in lemma_weighted_seq_fold_equals_set_fold<A, B>... UNNEEDED (commented) [initial 4.8s -> now 4.8s (incremental +0.0s)]
[140/241] assert L783 in lemma_weighted_seq_fold_equals_set_fold<A, B>... UNNEEDED (commented) [initial 4.8s -> now 4.7s (incremental -0.1s)]
[141/241] assert L784 in lemma_weighted_seq_fold_equals_set_fold<A, B>... UNNEEDED (commented) [initial 4.8s -> now 4.5s (incremental -0.3s)]
[142/241] assert L835 in lemma_seq_fold_left_plus_is_weighted_seq_sum<T: View<V =... UNNEEDED (commented) [initial 4.8s -> now 4.7s (incremental -0.2s)]
[143/241] assert L836 in lemma_seq_fold_left_plus_is_weighted_seq_sum<T: View<V =... UNNEEDED (commented) [initial 4.8s -> now 4.6s (incremental -0.2s)]
[144/241] assert L842 in lemma_seq_fold_left_plus_is_weighted_seq_sum<T: View<V =... UNNEEDED (commented) [initial 4.8s -> now 4.7s (incremental -0.2s)]
[145/241] assert L849 in lemma_seq_fold_left_plus_is_weighted_seq_sum<T: View<V =... NEEDED (restored) [initial 4.8s -> now 3.7s (incremental ~0s)]
[146/241] assert L855 in lemma_seq_fold_left_plus_is_weighted_seq_sum<T: View<V =... UNNEEDED (commented) [initial 4.8s -> now 4.6s (incremental -0.2s)]
[147/241] assert L868 in lemma_fold_left_int_equals_nat_as_int<T: View<V =... UNNEEDED (commented) [initial 4.8s -> now 4.8s (incremental -0.1s)]
[148/241] assert L874 in lemma_fold_left_int_equals_nat_as_int<T: View<V =... UNNEEDED (commented) [initial 4.8s -> now 4.6s (incremental -0.3s)]
[149/241] assert L906 in lemma_seq_fold_left_plus_is_weighted_seq_sum_u8<T: View<V =... NEEDED (restored) [initial 4.8s -> now 1.1s (incremental ~0s)]
[150/241] assert L910 in lemma_seq_fold_left_plus_is_weighted_seq_sum_u8<T: View<V =... NEEDED (restored) [initial 4.8s -> now 3.7s (incremental ~0s)]
[151/241] assert L911 in lemma_seq_fold_left_plus_is_weighted_seq_sum_u8<T: View<V =... UNNEEDED (commented) [initial 4.8s -> now 4.7s (incremental -0.2s)]
[152/241] assert L928 in lemma_weighted_seq_fold_equals_set_fold_u8<A, B>... NEEDED (restored) [initial 4.8s -> now 3.8s (incremental ~0s)]
[153/241] assert L934 in lemma_weighted_seq_fold_equals_set_fold_u8<A, B>... NEEDED (restored) [initial 4.8s -> now 3.8s (incremental ~0s)]
[154/241] assert L935 in lemma_weighted_seq_fold_equals_set_fold_u8<A, B>... UNNEEDED (commented) [initial 4.8s -> now 5.3s (incremental +0.4s)]
[155/241] assert L936 in lemma_weighted_seq_fold_equals_set_fold_u8<A, B>... UNNEEDED (commented) [initial 4.8s -> now 4.6s (incremental -0.2s)]
[156/241] assert L939 in lemma_weighted_seq_fold_equals_set_fold_u8<A, B>... UNNEEDED (commented) [initial 4.8s -> now 4.5s (incremental -0.4s)]
[157/241] assert L940 in lemma_weighted_seq_fold_equals_set_fold_u8<A, B>... UNNEEDED (commented) [initial 4.8s -> now 4.4s (incremental -0.4s)]
[158/241] assert L961 in lemma_seq_fold_left_plus_is_weighted_seq_sum_u16<T: View<V =... NEEDED (restored) [initial 4.8s -> now 1.0s (incremental ~0s)]
[159/241] assert L965 in lemma_seq_fold_left_plus_is_weighted_seq_sum_u16<T: View<V =... NEEDED (restored) [initial 4.8s -> now 3.6s (incremental ~0s)]
[160/241] assert L966 in lemma_seq_fold_left_plus_is_weighted_seq_sum_u16<T: View<V =... UNNEEDED (commented) [initial 4.8s -> now 4.3s (incremental -0.6s)]
[161/241] assert L983 in lemma_weighted_seq_fold_equals_set_fold_u16<A, B>... NEEDED (restored) [initial 4.8s -> now 3.5s (incremental ~0s)]
[162/241] assert L989 in lemma_weighted_seq_fold_equals_set_fold_u16<A, B>... NEEDED (restored) [initial 4.8s -> now 3.4s (incremental ~0s)]
[163/241] assert L990 in lemma_weighted_seq_fold_equals_set_fold_u16<A, B>... UNNEEDED (commented) [initial 4.8s -> now 4.1s (incremental -0.8s)]
[164/241] assert L991 in lemma_weighted_seq_fold_equals_set_fold_u16<A, B>... UNNEEDED (commented) [initial 4.8s -> now 4.2s (incremental -0.7s)]
[165/241] assert L994 in lemma_weighted_seq_fold_equals_set_fold_u16<A, B>... UNNEEDED (commented) [initial 4.8s -> now 4.1s (incremental -0.8s)]
[166/241] assert L995 in lemma_weighted_seq_fold_equals_set_fold_u16<A, B>... UNNEEDED (commented) [initial 4.8s -> now 4.1s (incremental -0.7s)]
[167/241] assert L1036 in lemma_weighted_seq_fold_equals_set_fold_u64<A, B>... NEEDED (restored) [initial 4.8s -> now 3.5s (incremental ~0s)]
[168/241] assert L1042 in lemma_weighted_seq_fold_equals_set_fold_u64<A, B>... NEEDED (restored) [initial 4.8s -> now 3.4s (incremental ~0s)]
[169/241] assert L1043 in lemma_weighted_seq_fold_equals_set_fold_u64<A, B>... UNNEEDED (commented) [initial 4.8s -> now 4.5s (incremental -0.3s)]
[170/241] assert L1044 in lemma_weighted_seq_fold_equals_set_fold_u64<A, B>... UNNEEDED (commented) [initial 4.8s -> now 4.2s (incremental -0.6s)]
[171/241] assert L1047 in lemma_weighted_seq_fold_equals_set_fold_u64<A, B>... UNNEEDED (commented) [initial 4.8s -> now 4.2s (incremental -0.7s)]
[172/241] assert L1048 in lemma_weighted_seq_fold_equals_set_fold_u64<A, B>... UNNEEDED (commented) [initial 4.8s -> now 4.1s (incremental -0.7s)]
[173/241] assert L1069 in lemma_seq_fold_left_plus_is_weighted_seq_sum_u128<T: View<V =... NEEDED (restored) [initial 4.8s -> now 0.9s (incremental ~0s)]
[174/241] assert L1073 in lemma_seq_fold_left_plus_is_weighted_seq_sum_u128<T: View<V =... NEEDED (restored) [initial 4.8s -> now 3.4s (incremental ~0s)]
[175/241] assert L1074 in lemma_seq_fold_left_plus_is_weighted_seq_sum_u128<T: View<V =... UNNEEDED (commented) [initial 4.8s -> now 4.1s (incremental -0.8s)]
[176/241] assert L1092 in lemma_weighted_seq_fold_equals_set_fold_u128<A, B>... NEEDED (restored) [initial 4.8s -> now 3.4s (incremental ~0s)]
[177/241] assert L1098 in lemma_weighted_seq_fold_equals_set_fold_u128<A, B>... NEEDED (restored) [initial 4.8s -> now 3.4s (incremental ~0s)]
[178/241] assert L1099 in lemma_weighted_seq_fold_equals_set_fold_u128<A, B>... UNNEEDED (commented) [initial 4.8s -> now 4.1s (incremental -0.7s)]
[179/241] assert L1100 in lemma_weighted_seq_fold_equals_set_fold_u128<A, B>... UNNEEDED (commented) [initial 4.8s -> now 4.1s (incremental -0.8s)]
[180/241] assert L1104 in lemma_weighted_seq_fold_equals_set_fold_u128<A, B>... UNNEEDED (commented) [initial 4.8s -> now 4.2s (incremental -0.6s)]
[181/241] assert L1105 in lemma_weighted_seq_fold_equals_set_fold_u128<A, B>... UNNEEDED (commented) [initial 4.8s -> now 4.1s (incremental -0.7s)]
[182/241] assert L1123 in lemma_seq_fold_left_plus_is_weighted_seq_sum_usize<T: View<V =... NEEDED (restored) [initial 4.8s -> now 0.9s (incremental ~0s)]
[183/241] assert L1127 in lemma_seq_fold_left_plus_is_weighted_seq_sum_usize<T: View<V =... NEEDED (restored) [initial 4.8s -> now 3.4s (incremental ~0s)]
[184/241] assert L1128 in lemma_seq_fold_left_plus_is_weighted_seq_sum_usize<T: View<V =... UNNEEDED (commented) [initial 4.8s -> now 4.2s (incremental -0.6s)]
[185/241] assert L1146 in lemma_weighted_seq_fold_equals_set_fold_usize<A, B>... NEEDED (restored) [initial 4.8s -> now 3.3s (incremental ~0s)]
[186/241] assert L1152 in lemma_weighted_seq_fold_equals_set_fold_usize<A, B>... NEEDED (restored) [initial 4.8s -> now 3.6s (incremental ~0s)]
[187/241] assert L1153 in lemma_weighted_seq_fold_equals_set_fold_usize<A, B>... UNNEEDED (commented) [initial 4.8s -> now 4.3s (incremental -0.5s)]
[188/241] assert L1154 in lemma_weighted_seq_fold_equals_set_fold_usize<A, B>... UNNEEDED (commented) [initial 4.8s -> now 4.1s (incremental -0.8s)]
[189/241] assert L1157 in lemma_weighted_seq_fold_equals_set_fold_usize<A, B>... UNNEEDED (commented) [initial 4.8s -> now 4.0s (incremental -0.8s)]
[190/241] assert L1158 in lemma_weighted_seq_fold_equals_set_fold_usize<A, B>... UNNEEDED (commented) [initial 4.8s -> now 4.1s (incremental -0.8s)]
[191/241] assert L1182 in lemma_signed_seq_fold_left_plus_is_weighted_seq_sum_i8<T: View<V =... NEEDED (restored) [initial 4.8s -> now 1.0s (incremental ~0s)]
[192/241] assert L1186 in lemma_signed_seq_fold_left_plus_is_weighted_seq_sum_i8<T: View<V =... NEEDED (restored) [initial 4.8s -> now 3.4s (incremental ~0s)]
[193/241] assert L1187 in lemma_signed_seq_fold_left_plus_is_weighted_seq_sum_i8<T: View<V =... UNNEEDED (commented) [initial 4.8s -> now 4.1s (incremental -0.8s)]
[194/241] assert L1197 in lemma_signed_weighted_seq_fold_equals_set_fold_i8<A, B>... NEEDED (restored) [initial 4.8s -> now 3.4s (incremental ~0s)]
[195/241] assert L1204 in lemma_signed_weighted_seq_fold_equals_set_fold_i8<A, B>... NEEDED (restored) [initial 4.8s -> now 3.4s (incremental ~0s)]
[196/241] assert L1205 in lemma_signed_weighted_seq_fold_equals_set_fold_i8<A, B>... UNNEEDED (commented) [initial 4.8s -> now 4.1s (incremental -0.8s)]
[197/241] assert L1206 in lemma_signed_weighted_seq_fold_equals_set_fold_i8<A, B>... UNNEEDED (commented) [initial 4.8s -> now 4.2s (incremental -0.7s)]
[198/241] assert L1209 in lemma_signed_weighted_seq_fold_equals_set_fold_i8<A, B>... UNNEEDED (commented) [initial 4.8s -> now 4.1s (incremental -0.7s)]
[199/241] assert L1210 in lemma_signed_weighted_seq_fold_equals_set_fold_i8<A, B>... UNNEEDED (commented) [initial 4.8s -> now 4.1s (incremental -0.8s)]
[200/241] assert L1243 in lemma_signed_weighted_seq_fold_equals_set_fold_i16<A, B>... NEEDED (restored) [initial 4.8s -> now 3.3s (incremental ~0s)]
[201/241] assert L1250 in lemma_signed_weighted_seq_fold_equals_set_fold_i16<A, B>... NEEDED (restored) [initial 4.8s -> now 3.3s (incremental ~0s)]
[202/241] assert L1251 in lemma_signed_weighted_seq_fold_equals_set_fold_i16<A, B>... UNNEEDED (commented) [initial 4.8s -> now 4.4s (incremental -0.4s)]
[203/241] assert L1252 in lemma_signed_weighted_seq_fold_equals_set_fold_i16<A, B>... UNNEEDED (commented) [initial 4.8s -> now 4.4s (incremental -0.4s)]
[204/241] assert L1256 in lemma_signed_weighted_seq_fold_equals_set_fold_i16<A, B>... UNNEEDED (commented) [initial 4.8s -> now 4.1s (incremental -0.8s)]
[205/241] assert L1257 in lemma_signed_weighted_seq_fold_equals_set_fold_i16<A, B>... UNNEEDED (commented) [initial 4.8s -> now 4.1s (incremental -0.8s)]
[206/241] assert L1275 in lemma_signed_seq_fold_left_plus_is_weighted_seq_sum<T: View<V =... NEEDED (restored) [initial 4.8s -> now 0.9s (incremental ~0s)]
[207/241] assert L1279 in lemma_signed_seq_fold_left_plus_is_weighted_seq_sum<T: View<V =... NEEDED (restored) [initial 4.8s -> now 3.4s (incremental ~0s)]
[208/241] assert L1280 in lemma_signed_seq_fold_left_plus_is_weighted_seq_sum<T: View<V =... UNNEEDED (commented) [initial 4.8s -> now 4.0s (incremental -0.8s)]
[209/241] assert L1292 in lemma_signed_weighted_seq_fold_equals_set_fold<A, B>... NEEDED (restored) [initial 4.8s -> now 3.2s (incremental ~0s)]
[210/241] assert L1298 in lemma_signed_weighted_seq_fold_equals_set_fold<A, B>... NEEDED (restored) [initial 4.8s -> now 3.4s (incremental ~0s)]
[211/241] assert L1299 in lemma_signed_weighted_seq_fold_equals_set_fold<A, B>... UNNEEDED (commented) [initial 4.8s -> now 4.0s (incremental -0.8s)]
[212/241] assert L1300 in lemma_signed_weighted_seq_fold_equals_set_fold<A, B>... UNNEEDED (commented) [initial 4.8s -> now 4.1s (incremental -0.8s)]
[213/241] assert L1303 in lemma_signed_weighted_seq_fold_equals_set_fold<A, B>... UNNEEDED (commented) [initial 4.8s -> now 4.1s (incremental -0.8s)]
[214/241] assert L1304 in lemma_signed_weighted_seq_fold_equals_set_fold<A, B>... UNNEEDED (commented) [initial 4.8s -> now 4.1s (incremental -0.7s)]
[215/241] assert L1322 in lemma_signed_seq_fold_left_plus_is_weighted_seq_sum_i64<T: View<V =... NEEDED (restored) [initial 4.8s -> now 0.9s (incremental ~0s)]
[216/241] assert L1326 in lemma_signed_seq_fold_left_plus_is_weighted_seq_sum_i64<T: View<V =... NEEDED (restored) [initial 4.8s -> now 3.3s (incremental ~0s)]
[217/241] assert L1327 in lemma_signed_seq_fold_left_plus_is_weighted_seq_sum_i64<T: View<V =... UNNEEDED (commented) [initial 4.8s -> now 4.1s (incremental -0.7s)]
[218/241] assert L1338 in lemma_signed_weighted_seq_fold_equals_set_fold_i64<A, B>... NEEDED (restored) [initial 4.8s -> now 3.3s (incremental ~0s)]
[219/241] assert L1345 in lemma_signed_weighted_seq_fold_equals_set_fold_i64<A, B>... NEEDED (restored) [initial 4.8s -> now 3.4s (incremental ~0s)]
[220/241] assert L1346 in lemma_signed_weighted_seq_fold_equals_set_fold_i64<A, B>... UNNEEDED (commented) [initial 4.8s -> now 4.3s (incremental -0.5s)]
[221/241] assert L1347 in lemma_signed_weighted_seq_fold_equals_set_fold_i64<A, B>... UNNEEDED (commented) [initial 4.8s -> now 4.1s (incremental -0.7s)]
[222/241] assert L1350 in lemma_signed_weighted_seq_fold_equals_set_fold_i64<A, B>... UNNEEDED (commented) [initial 4.8s -> now 4.0s (incremental -0.8s)]
[223/241] assert L1351 in lemma_signed_weighted_seq_fold_equals_set_fold_i64<A, B>... UNNEEDED (commented) [initial 4.8s -> now 4.0s (incremental -0.9s)]
[224/241] assert L1369 in lemma_signed_seq_fold_left_plus_is_weighted_seq_sum_i128<T: View<V =... NEEDED (restored) [initial 4.8s -> now 0.9s (incremental ~0s)]
[225/241] assert L1373 in lemma_signed_seq_fold_left_plus_is_weighted_seq_sum_i128<T: View<V =... NEEDED (restored) [initial 4.8s -> now 3.2s (incremental ~0s)]
[226/241] assert L1374 in lemma_signed_seq_fold_left_plus_is_weighted_seq_sum_i128<T: View<V =... UNNEEDED (commented) [initial 4.8s -> now 4.0s (incremental -0.8s)]
[227/241] assert L1385 in lemma_signed_weighted_seq_fold_equals_set_fold_i128<A, B>... NEEDED (restored) [initial 4.8s -> now 3.3s (incremental ~0s)]
[228/241] assert L1391 in lemma_signed_weighted_seq_fold_equals_set_fold_i128<A, B>... NEEDED (restored) [initial 4.8s -> now 3.3s (incremental ~0s)]
[229/241] assert L1393 in lemma_signed_weighted_seq_fold_equals_set_fold_i128<A, B>... UNNEEDED (commented) [initial 4.8s -> now 4.1s (incremental -0.7s)]
[230/241] assert L1394 in lemma_signed_weighted_seq_fold_equals_set_fold_i128<A, B>... UNNEEDED (commented) [initial 4.8s -> now 4.0s (incremental -0.9s)]
[231/241] assert L1397 in lemma_signed_weighted_seq_fold_equals_set_fold_i128<A, B>... UNNEEDED (commented) [initial 4.8s -> now 4.1s (incremental -0.8s)]
[232/241] assert L1398 in lemma_signed_weighted_seq_fold_equals_set_fold_i128<A, B>... UNNEEDED (commented) [initial 4.8s -> now 4.1s (incremental -0.8s)]
[233/241] assert L1416 in lemma_signed_seq_fold_left_plus_is_weighted_seq_sum_isize<T: View<V =... NEEDED (restored) [initial 4.8s -> now 0.9s (incremental ~0s)]
[234/241] assert L1420 in lemma_signed_seq_fold_left_plus_is_weighted_seq_sum_isize<T: View<V =... NEEDED (restored) [initial 4.8s -> now 3.3s (incremental ~0s)]
[235/241] assert L1421 in lemma_signed_seq_fold_left_plus_is_weighted_seq_sum_isize<T: View<V =... UNNEEDED (commented) [initial 4.8s -> now 4.0s (incremental -0.9s)]
[236/241] assert L1431 in lemma_signed_weighted_seq_fold_equals_set_fold_isize<A, B>... NEEDED (restored) [initial 4.8s -> now 3.2s (incremental ~0s)]
[237/241] assert L1437 in lemma_signed_weighted_seq_fold_equals_set_fold_isize<A, B>... NEEDED (restored) [initial 4.8s -> now 3.7s (incremental ~0s)]
[238/241] assert L1438 in lemma_signed_weighted_seq_fold_equals_set_fold_isize<A, B>... UNNEEDED (commented) [initial 4.8s -> now 4.0s (incremental -0.9s)]
[239/241] assert L1439 in lemma_signed_weighted_seq_fold_equals_set_fold_isize<A, B>... UNNEEDED (commented) [initial 4.8s -> now 4.0s (incremental -0.8s)]
[240/241] assert L1442 in lemma_signed_weighted_seq_fold_equals_set_fold_isize<A, B>... UNNEEDED (commented) [initial 4.8s -> now 4.0s (incremental -0.9s)]
[241/241] assert L1443 in lemma_signed_weighted_seq_fold_equals_set_fold_isize<A, B>... UNNEEDED (commented) [initial 4.8s -> now 4.0s (incremental -0.8s)]

Phase 9 Summary: 241 tested, 152 removed (commented), 53.2s time saved

═══════════════════════════════════════════════════════════════
Phase 10: Testing codebase asserts
═══════════════════════════════════════════════════════════════

For each assert: comment out, verify. NEEDED=restored, UNNEEDED=left commented.

Found 199 asserts in codebase, testing 199

[1/199] assert L237 in is_functional_vec (src/Chap05/MappingStEph.rs)... NEEDED (restored) [initial 4.0s -> now 3.1s (incremental ~0s)]
[2/199] assert L238 in is_functional_vec (src/Chap05/MappingStEph.rs)... NEEDED (restored) [initial 4.0s -> now 3.3s (incremental ~0s)]
[3/199] assert L239 in is_functional_vec (src/Chap05/MappingStEph.rs)... NEEDED (restored) [initial 4.0s -> now 3.2s (incremental ~0s)]
[4/199] assert L240 in is_functional_vec (src/Chap05/MappingStEph.rs)... NEEDED (restored) [initial 4.0s -> now 3.3s (incremental ~0s)]
[5/199] assert L269 in is_functional_SetStEph_at (src/Chap05/MappingStEph.rs)... UNNEEDED (commented) [initial 4.0s -> now 4.0s (incremental -0.0s)]
[6/199] assert L271 in is_functional_SetStEph_at (src/Chap05/MappingStEph.rs)... NEEDED (restored) [initial 4.0s -> now 3.3s (incremental ~0s)]
[7/199] assert L272 in is_functional_SetStEph_at (src/Chap05/MappingStEph.rs)... NEEDED (restored) [initial 4.0s -> now 3.3s (incremental ~0s)]
[8/199] assert L297 in is_functional_SetStEph (src/Chap05/MappingStEph.rs)... NEEDED (restored) [initial 4.0s -> now 0.9s (incremental ~0s)]
[9/199] assert L303 in is_functional_SetStEph (src/Chap05/MappingStEph.rs)... UNNEEDED (commented) [initial 4.0s -> now 4.0s (incremental -0.1s)]
[10/199] assert L314 in is_functional_SetStEph (src/Chap05/MappingStEph.rs)... NEEDED (restored) [initial 4.0s -> now 3.3s (incremental ~0s)]
[11/199] assert L315 in is_functional_SetStEph (src/Chap05/MappingStEph.rs)... NEEDED (restored) [initial 4.0s -> now 3.2s (incremental ~0s)]
[12/199] assert L331 in empty (src/Chap05/MappingStEph.rs)... NEEDED (restored) [initial 4.0s -> now 3.3s (incremental ~0s)]
[13/199] assert L362 in range (src/Chap05/MappingStEph.rs)... NEEDED (restored) [initial 4.0s -> now 1.0s (incremental ~0s)]
[14/199] assert L367 in range (src/Chap05/MappingStEph.rs)... NEEDED (restored) [initial 4.0s -> now 3.3s (incremental ~0s)]
[15/199] assert L195 in domain (src/Chap05/RelationStEph.rs)... NEEDED (restored) [initial 4.0s -> now 0.9s (incremental ~0s)]
[16/199] assert L200 in domain (src/Chap05/RelationStEph.rs)... UNNEEDED (commented) [initial 4.0s -> now 3.9s (incremental -0.1s)]
[17/199] assert L203 in domain (src/Chap05/RelationStEph.rs)... NEEDED (restored) [initial 4.0s -> now 0.9s (incremental ~0s)]
[18/199] assert L242 in range (src/Chap05/RelationStEph.rs)... NEEDED (restored) [initial 4.0s -> now 0.9s (incremental ~0s)]
[19/199] assert L247 in range (src/Chap05/RelationStEph.rs)... UNNEEDED (commented) [initial 4.0s -> now 4.0s (incremental -0.0s)]
[20/199] assert L250 in range (src/Chap05/RelationStEph.rs)... NEEDED (restored) [initial 4.0s -> now 0.9s (incremental ~0s)]
[21/199] assert L216 in ng_of_vertices (src/Chap06/DirGraphStEph.rs)... NEEDED (restored) [initial 4.0s -> now 0.8s (incremental ~0s)]
[22/199] assert L221 in ng_of_vertices (src/Chap06/DirGraphStEph.rs)... UNNEEDED (commented) [initial 4.0s -> now 3.9s (incremental -0.1s)]
[23/199] assert L224 in ng_of_vertices (src/Chap06/DirGraphStEph.rs)... NEEDED (restored) [initial 4.0s -> now 0.8s (incremental ~0s)]
[24/199] assert L266 in n_plus (src/Chap06/DirGraphStEph.rs)... NEEDED (restored) [initial 4.0s -> now 0.8s (incremental ~0s)]
[25/199] assert L271 in n_plus (src/Chap06/DirGraphStEph.rs)... UNNEEDED (commented) [initial 4.0s -> now 4.0s (incremental -0.1s)]
[26/199] assert L274 in n_plus (src/Chap06/DirGraphStEph.rs)... NEEDED (restored) [initial 4.0s -> now 0.8s (incremental ~0s)]
[27/199] assert L277 in n_plus (src/Chap06/DirGraphStEph.rs)... UNNEEDED (commented) [initial 4.0s -> now 4.0s (incremental -0.0s)]
[28/199] assert L319 in n_minus (src/Chap06/DirGraphStEph.rs)... NEEDED (restored) [initial 4.0s -> now 0.8s (incremental ~0s)]
[29/199] assert L324 in n_minus (src/Chap06/DirGraphStEph.rs)... UNNEEDED (commented) [initial 4.0s -> now 4.0s (incremental +0.0s)]
[30/199] assert L327 in n_minus (src/Chap06/DirGraphStEph.rs)... NEEDED (restored) [initial 4.0s -> now 0.8s (incremental ~0s)]
[31/199] assert L330 in n_minus (src/Chap06/DirGraphStEph.rs)... UNNEEDED (commented) [initial 4.0s -> now 4.1s (incremental +0.1s)]
[32/199] assert L371 in n_plus_of_vertices (src/Chap06/DirGraphStEph.rs)... NEEDED (restored) [initial 4.0s -> now 0.8s (incremental ~0s)]
[33/199] assert L376 in n_plus_of_vertices (src/Chap06/DirGraphStEph.rs)... UNNEEDED (commented) [initial 4.0s -> now 3.9s (incremental -0.1s)]
[34/199] assert L379 in n_plus_of_vertices (src/Chap06/DirGraphStEph.rs)... NEEDED (restored) [initial 4.0s -> now 0.8s (incremental ~0s)]
[35/199] assert L420 in n_minus_of_vertices (src/Chap06/DirGraphStEph.rs)... NEEDED (restored) [initial 4.0s -> now 0.8s (incremental ~0s)]
[36/199] assert L425 in n_minus_of_vertices (src/Chap06/DirGraphStEph.rs)... UNNEEDED (commented) [initial 4.0s -> now 3.9s (incremental -0.1s)]
[37/199] assert L428 in n_minus_of_vertices (src/Chap06/DirGraphStEph.rs)... NEEDED (restored) [initial 4.0s -> now 0.8s (incremental ~0s)]
[38/199] assert L150 in arcs (src/Chap06/LabDirGraphStEph.rs)... NEEDED (restored) [initial 4.0s -> now 0.8s (incremental ~0s)]
[39/199] assert L157 in arcs (src/Chap06/LabDirGraphStEph.rs)... NEEDED (restored) [initial 4.0s -> now 0.8s (incremental ~0s)]
[40/199] assert L202 in get_arc_label (src/Chap06/LabDirGraphStEph.rs)... NEEDED (restored) [initial 4.0s -> now 0.1s (incremental ~0s)]
[41/199] assert L215 in get_arc_label (src/Chap06/LabDirGraphStEph.rs)... UNNEEDED (commented) [initial 4.0s -> now 3.9s (incremental -0.1s)]
[42/199] assert L249 in has_arc (src/Chap06/LabDirGraphStEph.rs)... NEEDED (restored) [initial 4.0s -> now 0.1s (incremental ~0s)]
[43/199] assert L264 in has_arc (src/Chap06/LabDirGraphStEph.rs)... UNNEEDED (commented) [initial 4.0s -> now 4.5s (incremental +0.5s)]
[44/199] assert L294 in out_neighbors (src/Chap06/LabDirGraphStEph.rs)... NEEDED (restored) [initial 4.0s -> now 0.8s (incremental ~0s)]
[45/199] assert L301 in out_neighbors (src/Chap06/LabDirGraphStEph.rs)... NEEDED (restored) [initial 4.0s -> now 0.8s (incremental ~0s)]
[46/199] assert L341 in in_neighbors (src/Chap06/LabDirGraphStEph.rs)... NEEDED (restored) [initial 4.0s -> now 0.8s (incremental ~0s)]
[47/199] assert L348 in in_neighbors (src/Chap06/LabDirGraphStEph.rs)... NEEDED (restored) [initial 4.0s -> now 0.8s (incremental ~0s)]
[48/199] assert L148 in edges (src/Chap06/LabUnDirGraphStEph.rs)... NEEDED (restored) [initial 4.0s -> now 0.8s (incremental ~0s)]
[49/199] assert L155 in edges (src/Chap06/LabUnDirGraphStEph.rs)... NEEDED (restored) [initial 4.0s -> now 0.8s (incremental ~0s)]
[50/199] assert L206 in get_edge_label (src/Chap06/LabUnDirGraphStEph.rs)... NEEDED (restored) [initial 4.0s -> now 0.1s (incremental ~0s)]
[51/199] assert L225 in get_edge_label (src/Chap06/LabUnDirGraphStEph.rs)... UNNEEDED (commented) [initial 4.0s -> now 4.0s (incremental -0.0s)]
[52/199] assert L257 in has_edge (src/Chap06/LabUnDirGraphStEph.rs)... NEEDED (restored) [initial 4.0s -> now 0.1s (incremental ~0s)]
[53/199] assert L277 in has_edge (src/Chap06/LabUnDirGraphStEph.rs)... UNNEEDED (commented) [initial 4.0s -> now 4.0s (incremental -0.0s)]
[54/199] assert L310 in neighbors (src/Chap06/LabUnDirGraphStEph.rs)... NEEDED (restored) [initial 4.0s -> now 0.8s (incremental ~0s)]
[55/199] assert L319 in neighbors (src/Chap06/LabUnDirGraphStEph.rs)... NEEDED (restored) [initial 4.0s -> now 0.8s (incremental ~0s)]
[56/199] assert L155 in ng (src/Chap06/UnDirGraphStEph.rs)... NEEDED (restored) [initial 4.0s -> now 0.8s (incremental ~0s)]
[57/199] assert L164 in ng (src/Chap06/UnDirGraphStEph.rs)... NEEDED (restored) [initial 4.0s -> now 0.8s (incremental ~0s)]
[58/199] assert L210 in ng_of_vertices (src/Chap06/UnDirGraphStEph.rs)... NEEDED (restored) [initial 4.0s -> now 0.8s (incremental ~0s)]
[59/199] assert L215 in ng_of_vertices (src/Chap06/UnDirGraphStEph.rs)... UNNEEDED (commented) [initial 4.0s -> now 4.0s (incremental -0.0s)]
[60/199] assert L218 in ng_of_vertices (src/Chap06/UnDirGraphStEph.rs)... NEEDED (restored) [initial 4.0s -> now 0.8s (incremental ~0s)]
[61/199] assert L146 in weighed_edges (src/Chap06/WeightedDirGraphStEphI128.rs)... UNNEEDED (commented) [initial 4.0s -> now 3.8s (incremental -0.2s)]
[62/199] assert L152 in weighed_edges (src/Chap06/WeightedDirGraphStEphI128.rs)... UNNEEDED (commented) [initial 4.0s -> now 4.0s (incremental -0.0s)]
[63/199] assert L188 in out_neighbors_weighed (src/Chap06/WeightedDirGraphStEphI128.rs)... UNNEEDED (commented) [initial 4.0s -> now 4.1s (incremental +0.1s)]
[64/199] assert L195 in out_neighbors_weighed (src/Chap06/WeightedDirGraphStEphI128.rs)... UNNEEDED (commented) [initial 4.0s -> now 3.9s (incremental -0.1s)]
[65/199] assert L235 in in_neighbors_weighed (src/Chap06/WeightedDirGraphStEphI128.rs)... UNNEEDED (commented) [initial 4.0s -> now 4.1s (incremental +0.1s)]
[66/199] assert L242 in in_neighbors_weighed (src/Chap06/WeightedDirGraphStEphI128.rs)... UNNEEDED (commented) [initial 4.0s -> now 4.0s (incremental -0.1s)]
[67/199] assert L287 in total_weight (src/Chap06/WeightedDirGraphStEphI128.rs)... UNNEEDED (commented) [initial 4.0s -> now 4.0s (incremental +0.0s)]
[68/199] assert L314 in edges_above_weight (src/Chap06/WeightedDirGraphStEphI128.rs)... UNNEEDED (commented) [initial 4.0s -> now 4.0s (incremental +0.0s)]
[69/199] assert L321 in edges_above_weight (src/Chap06/WeightedDirGraphStEphI128.rs)... UNNEEDED (commented) [initial 4.0s -> now 4.0s (incremental -0.0s)]
[70/199] assert L359 in edges_below_weight (src/Chap06/WeightedDirGraphStEphI128.rs)... UNNEEDED (commented) [initial 4.0s -> now 4.4s (incremental +0.4s)]
[71/199] assert L366 in edges_below_weight (src/Chap06/WeightedDirGraphStEphI128.rs)... UNNEEDED (commented) [initial 4.0s -> now 4.0s (incremental -0.0s)]
[72/199] assert L146 in weighed_edges (src/Chap06/WeightedDirGraphStEphI16.rs)... UNNEEDED (commented) [initial 4.0s -> now 3.9s (incremental -0.1s)]
[73/199] assert L152 in weighed_edges (src/Chap06/WeightedDirGraphStEphI16.rs)... UNNEEDED (commented) [initial 4.0s -> now 4.1s (incremental +0.0s)]
[74/199] assert L188 in out_neighbors_weighed (src/Chap06/WeightedDirGraphStEphI16.rs)... UNNEEDED (commented) [initial 4.0s -> now 4.1s (incremental +0.0s)]
[75/199] assert L195 in out_neighbors_weighed (src/Chap06/WeightedDirGraphStEphI16.rs)... UNNEEDED (commented) [initial 4.0s -> now 4.0s (incremental -0.1s)]
[76/199] assert L235 in in_neighbors_weighed (src/Chap06/WeightedDirGraphStEphI16.rs)... UNNEEDED (commented) [initial 4.0s -> now 4.0s (incremental -0.1s)]
[77/199] assert L242 in in_neighbors_weighed (src/Chap06/WeightedDirGraphStEphI16.rs)... UNNEEDED (commented) [initial 4.0s -> now 4.0s (incremental -0.1s)]
[78/199] assert L287 in total_weight (src/Chap06/WeightedDirGraphStEphI16.rs)... UNNEEDED (commented) [initial 4.0s -> now 3.9s (incremental -0.1s)]
[79/199] assert L314 in edges_above_weight (src/Chap06/WeightedDirGraphStEphI16.rs)... UNNEEDED (commented) [initial 4.0s -> now 4.0s (incremental -0.0s)]
[80/199] assert L321 in edges_above_weight (src/Chap06/WeightedDirGraphStEphI16.rs)... UNNEEDED (commented) [initial 4.0s -> now 4.0s (incremental -0.0s)]
[81/199] assert L359 in edges_below_weight (src/Chap06/WeightedDirGraphStEphI16.rs)... UNNEEDED (commented) [initial 4.0s -> now 4.0s (incremental -0.1s)]
[82/199] assert L366 in edges_below_weight (src/Chap06/WeightedDirGraphStEphI16.rs)... UNNEEDED (commented) [initial 4.0s -> now 4.0s (incremental -0.1s)]
[83/199] assert L146 in weighed_edges (src/Chap06/WeightedDirGraphStEphI32.rs)... UNNEEDED (commented) [initial 4.0s -> now 3.9s (incremental -0.1s)]
[84/199] assert L152 in weighed_edges (src/Chap06/WeightedDirGraphStEphI32.rs)... UNNEEDED (commented) [initial 4.0s -> now 4.2s (incremental +0.1s)]
[85/199] assert L188 in out_neighbors_weighed (src/Chap06/WeightedDirGraphStEphI32.rs)... UNNEEDED (commented) [initial 4.0s -> now 4.2s (incremental +0.2s)]
[86/199] assert L195 in out_neighbors_weighed (src/Chap06/WeightedDirGraphStEphI32.rs)... UNNEEDED (commented) [initial 4.0s -> now 4.0s (incremental +0.0s)]
[87/199] assert L235 in in_neighbors_weighed (src/Chap06/WeightedDirGraphStEphI32.rs)... UNNEEDED (commented) [initial 4.0s -> now 4.0s (incremental +0.0s)]
[88/199] assert L242 in in_neighbors_weighed (src/Chap06/WeightedDirGraphStEphI32.rs)... UNNEEDED (commented) [initial 4.0s -> now 3.9s (incremental -0.1s)]
[89/199] assert L287 in total_weight (src/Chap06/WeightedDirGraphStEphI32.rs)... UNNEEDED (commented) [initial 4.0s -> now 4.0s (incremental -0.0s)]
[90/199] assert L314 in edges_above_weight (src/Chap06/WeightedDirGraphStEphI32.rs)... UNNEEDED (commented) [initial 4.0s -> now 4.0s (incremental -0.0s)]
[91/199] assert L321 in edges_above_weight (src/Chap06/WeightedDirGraphStEphI32.rs)... UNNEEDED (commented) [initial 4.0s -> now 3.9s (incremental -0.2s)]
[92/199] assert L359 in edges_below_weight (src/Chap06/WeightedDirGraphStEphI32.rs)... UNNEEDED (commented) [initial 4.0s -> now 4.0s (incremental -0.1s)]
[93/199] assert L366 in edges_below_weight (src/Chap06/WeightedDirGraphStEphI32.rs)... UNNEEDED (commented) [initial 4.0s -> now 4.0s (incremental -0.0s)]
[94/199] assert L146 in weighed_edges (src/Chap06/WeightedDirGraphStEphI64.rs)... UNNEEDED (commented) [initial 4.0s -> now 4.0s (incremental -0.0s)]
[95/199] assert L152 in weighed_edges (src/Chap06/WeightedDirGraphStEphI64.rs)... UNNEEDED (commented) [initial 4.0s -> now 4.0s (incremental +0.0s)]
[96/199] assert L188 in out_neighbors_weighed (src/Chap06/WeightedDirGraphStEphI64.rs)... UNNEEDED (commented) [initial 4.0s -> now 3.9s (incremental -0.1s)]
[97/199] assert L195 in out_neighbors_weighed (src/Chap06/WeightedDirGraphStEphI64.rs)... UNNEEDED (commented) [initial 4.0s -> now 3.9s (incremental -0.1s)]
[98/199] assert L235 in in_neighbors_weighed (src/Chap06/WeightedDirGraphStEphI64.rs)... UNNEEDED (commented) [initial 4.0s -> now 4.0s (incremental -0.1s)]
[99/199] assert L242 in in_neighbors_weighed (src/Chap06/WeightedDirGraphStEphI64.rs)... UNNEEDED (commented) [initial 4.0s -> now 4.2s (incremental +0.1s)]
[100/199] assert L287 in total_weight (src/Chap06/WeightedDirGraphStEphI64.rs)... UNNEEDED (commented) [initial 4.0s -> now 4.3s (incremental +0.3s)]
[101/199] assert L314 in edges_above_weight (src/Chap06/WeightedDirGraphStEphI64.rs)... UNNEEDED (commented) [initial 4.0s -> now 4.0s (incremental -0.1s)]
[102/199] assert L321 in edges_above_weight (src/Chap06/WeightedDirGraphStEphI64.rs)... UNNEEDED (commented) [initial 4.0s -> now 3.9s (incremental -0.2s)]
[103/199] assert L359 in edges_below_weight (src/Chap06/WeightedDirGraphStEphI64.rs)... UNNEEDED (commented) [initial 4.0s -> now 4.0s (incremental -0.0s)]
[104/199] assert L366 in edges_below_weight (src/Chap06/WeightedDirGraphStEphI64.rs)... UNNEEDED (commented) [initial 4.0s -> now 3.9s (incremental -0.1s)]
[105/199] assert L146 in weighed_edges (src/Chap06/WeightedDirGraphStEphI8.rs)... UNNEEDED (commented) [initial 4.0s -> now 4.0s (incremental -0.0s)]
[106/199] assert L152 in weighed_edges (src/Chap06/WeightedDirGraphStEphI8.rs)... UNNEEDED (commented) [initial 4.0s -> now 3.9s (incremental -0.1s)]
[107/199] assert L188 in out_neighbors_weighed (src/Chap06/WeightedDirGraphStEphI8.rs)... UNNEEDED (commented) [initial 4.0s -> now 4.0s (incremental -0.0s)]
[108/199] assert L195 in out_neighbors_weighed (src/Chap06/WeightedDirGraphStEphI8.rs)... UNNEEDED (commented) [initial 4.0s -> now 4.0s (incremental -0.0s)]
[109/199] assert L235 in in_neighbors_weighed (src/Chap06/WeightedDirGraphStEphI8.rs)... UNNEEDED (commented) [initial 4.0s -> now 4.0s (incremental -0.0s)]
[110/199] assert L242 in in_neighbors_weighed (src/Chap06/WeightedDirGraphStEphI8.rs)... UNNEEDED (commented) [initial 4.0s -> now 4.0s (incremental -0.0s)]
[111/199] assert L287 in total_weight (src/Chap06/WeightedDirGraphStEphI8.rs)... UNNEEDED (commented) [initial 4.0s -> now 3.9s (incremental -0.1s)]
[112/199] assert L314 in edges_above_weight (src/Chap06/WeightedDirGraphStEphI8.rs)... UNNEEDED (commented) [initial 4.0s -> now 3.9s (incremental -0.1s)]
[113/199] assert L321 in edges_above_weight (src/Chap06/WeightedDirGraphStEphI8.rs)... UNNEEDED (commented) [initial 4.0s -> now 4.0s (incremental -0.0s)]
[114/199] assert L359 in edges_below_weight (src/Chap06/WeightedDirGraphStEphI8.rs)... UNNEEDED (commented) [initial 4.0s -> now 4.1s (incremental +0.1s)]
[115/199] assert L366 in edges_below_weight (src/Chap06/WeightedDirGraphStEphI8.rs)... UNNEEDED (commented) [initial 4.0s -> now 4.2s (incremental +0.2s)]
[116/199] assert L146 in weighed_edges (src/Chap06/WeightedDirGraphStEphIsize.rs)... UNNEEDED (commented) [initial 4.0s -> now 3.9s (incremental -0.1s)]
[117/199] assert L152 in weighed_edges (src/Chap06/WeightedDirGraphStEphIsize.rs)... UNNEEDED (commented) [initial 4.0s -> now 3.9s (incremental -0.1s)]
[118/199] assert L188 in out_neighbors_weighed (src/Chap06/WeightedDirGraphStEphIsize.rs)... UNNEEDED (commented) [initial 4.0s -> now 3.9s (incremental -0.1s)]
[119/199] assert L195 in out_neighbors_weighed (src/Chap06/WeightedDirGraphStEphIsize.rs)... UNNEEDED (commented) [initial 4.0s -> now 3.9s (incremental -0.1s)]
[120/199] assert L235 in in_neighbors_weighed (src/Chap06/WeightedDirGraphStEphIsize.rs)... UNNEEDED (commented) [initial 4.0s -> now 3.9s (incremental -0.1s)]
[121/199] assert L242 in in_neighbors_weighed (src/Chap06/WeightedDirGraphStEphIsize.rs)... UNNEEDED (commented) [initial 4.0s -> now 4.0s (incremental -0.1s)]
[122/199] assert L287 in total_weight (src/Chap06/WeightedDirGraphStEphIsize.rs)... UNNEEDED (commented) [initial 4.0s -> now 4.0s (incremental -0.0s)]
[123/199] assert L314 in edges_above_weight (src/Chap06/WeightedDirGraphStEphIsize.rs)... UNNEEDED (commented) [initial 4.0s -> now 4.0s (incremental -0.0s)]
[124/199] assert L321 in edges_above_weight (src/Chap06/WeightedDirGraphStEphIsize.rs)... UNNEEDED (commented) [initial 4.0s -> now 4.0s (incremental +0.0s)]
[125/199] assert L359 in edges_below_weight (src/Chap06/WeightedDirGraphStEphIsize.rs)... UNNEEDED (commented) [initial 4.0s -> now 4.0s (incremental -0.0s)]
[126/199] assert L366 in edges_below_weight (src/Chap06/WeightedDirGraphStEphIsize.rs)... UNNEEDED (commented) [initial 4.0s -> now 4.0s (incremental -0.1s)]
[127/199] assert L146 in weighed_edges (src/Chap06/WeightedDirGraphStEphU128.rs)... UNNEEDED (commented) [initial 4.0s -> now 3.9s (incremental -0.1s)]
[128/199] assert L152 in weighed_edges (src/Chap06/WeightedDirGraphStEphU128.rs)... UNNEEDED (commented) [initial 4.0s -> now 4.0s (incremental -0.0s)]
[129/199] assert L188 in out_neighbors_weighed (src/Chap06/WeightedDirGraphStEphU128.rs)... UNNEEDED (commented) [initial 4.0s -> now 4.2s (incremental +0.2s)]
[130/199] assert L195 in out_neighbors_weighed (src/Chap06/WeightedDirGraphStEphU128.rs)... UNNEEDED (commented) [initial 4.0s -> now 4.3s (incremental +0.3s)]
[131/199] assert L235 in in_neighbors_weighed (src/Chap06/WeightedDirGraphStEphU128.rs)... UNNEEDED (commented) [initial 4.0s -> now 4.0s (incremental -0.0s)]
[132/199] assert L242 in in_neighbors_weighed (src/Chap06/WeightedDirGraphStEphU128.rs)... UNNEEDED (commented) [initial 4.0s -> now 4.0s (incremental -0.0s)]
[133/199] assert L288 in total_weight (src/Chap06/WeightedDirGraphStEphU128.rs)... UNNEEDED (commented) [initial 4.0s -> now 4.0s (incremental -0.1s)]
[134/199] assert L315 in edges_above_weight (src/Chap06/WeightedDirGraphStEphU128.rs)... UNNEEDED (commented) [initial 4.0s -> now 4.0s (incremental -0.1s)]
[135/199] assert L322 in edges_above_weight (src/Chap06/WeightedDirGraphStEphU128.rs)... UNNEEDED (commented) [initial 4.0s -> now 3.9s (incremental -0.1s)]
[136/199] assert L360 in edges_below_weight (src/Chap06/WeightedDirGraphStEphU128.rs)... UNNEEDED (commented) [initial 4.0s -> now 4.0s (incremental -0.0s)]
[137/199] assert L367 in edges_below_weight (src/Chap06/WeightedDirGraphStEphU128.rs)... UNNEEDED (commented) [initial 4.0s -> now 4.1s (incremental +0.1s)]
[138/199] assert L146 in weighed_edges (src/Chap06/WeightedDirGraphStEphU16.rs)... UNNEEDED (commented) [initial 4.0s -> now 4.0s (incremental -0.0s)]
[139/199] assert L152 in weighed_edges (src/Chap06/WeightedDirGraphStEphU16.rs)... UNNEEDED (commented) [initial 4.0s -> now 3.9s (incremental -0.1s)]
[140/199] assert L188 in out_neighbors_weighed (src/Chap06/WeightedDirGraphStEphU16.rs)... UNNEEDED (commented) [initial 4.0s -> now 4.0s (incremental -0.0s)]
[141/199] assert L195 in out_neighbors_weighed (src/Chap06/WeightedDirGraphStEphU16.rs)... UNNEEDED (commented) [initial 4.0s -> now 3.9s (incremental -0.1s)]
[142/199] assert L235 in in_neighbors_weighed (src/Chap06/WeightedDirGraphStEphU16.rs)... UNNEEDED (commented) [initial 4.0s -> now 3.9s (incremental -0.1s)]
[143/199] assert L242 in in_neighbors_weighed (src/Chap06/WeightedDirGraphStEphU16.rs)... UNNEEDED (commented) [initial 4.0s -> now 4.0s (incremental -0.0s)]
[144/199] assert L288 in total_weight (src/Chap06/WeightedDirGraphStEphU16.rs)... UNNEEDED (commented) [initial 4.0s -> now 4.1s (incremental +0.1s)]
[145/199] assert L315 in edges_above_weight (src/Chap06/WeightedDirGraphStEphU16.rs)... UNNEEDED (commented) [initial 4.0s -> now 4.1s (incremental +0.1s)]
[146/199] assert L322 in edges_above_weight (src/Chap06/WeightedDirGraphStEphU16.rs)... UNNEEDED (commented) [initial 4.0s -> now 4.0s (incremental -0.1s)]
[147/199] assert L360 in edges_below_weight (src/Chap06/WeightedDirGraphStEphU16.rs)... UNNEEDED (commented) [initial 4.0s -> now 3.9s (incremental -0.1s)]
[148/199] assert L367 in edges_below_weight (src/Chap06/WeightedDirGraphStEphU16.rs)... UNNEEDED (commented) [initial 4.0s -> now 4.0s (incremental -0.1s)]
[149/199] assert L146 in weighed_edges (src/Chap06/WeightedDirGraphStEphU32.rs)... NEEDED (restored) [initial 4.0s -> now 0.1s (incremental ~0s)]
[150/199] assert L152 in weighed_edges (src/Chap06/WeightedDirGraphStEphU32.rs)... NEEDED (restored) [initial 4.0s -> now 0.1s (incremental ~0s)]
[151/199] assert L188 in out_neighbors_weighed (src/Chap06/WeightedDirGraphStEphU32.rs)... NEEDED (restored) [initial 4.0s -> now 0.7s (incremental ~0s)]
[152/199] assert L195 in out_neighbors_weighed (src/Chap06/WeightedDirGraphStEphU32.rs)... NEEDED (restored) [initial 4.0s -> now 0.7s (incremental ~0s)]
[153/199] assert L235 in in_neighbors_weighed (src/Chap06/WeightedDirGraphStEphU32.rs)... NEEDED (restored) [initial 4.0s -> now 0.7s (incremental ~0s)]
[154/199] assert L242 in in_neighbors_weighed (src/Chap06/WeightedDirGraphStEphU32.rs)... NEEDED (restored) [initial 4.0s -> now 0.7s (incremental ~0s)]
[155/199] assert L288 in total_weight (src/Chap06/WeightedDirGraphStEphU32.rs)... NEEDED (restored) [initial 4.0s -> now 3.1s (incremental ~0s)]
[156/199] assert L315 in edges_above_weight (src/Chap06/WeightedDirGraphStEphU32.rs)... NEEDED (restored) [initial 4.0s -> now 0.7s (incremental ~0s)]
[157/199] assert L322 in edges_above_weight (src/Chap06/WeightedDirGraphStEphU32.rs)... NEEDED (restored) [initial 4.0s -> now 0.8s (incremental ~0s)]
[158/199] assert L360 in edges_below_weight (src/Chap06/WeightedDirGraphStEphU32.rs)... NEEDED (restored) [initial 4.0s -> now 0.7s (incremental ~0s)]
[159/199] assert L367 in edges_below_weight (src/Chap06/WeightedDirGraphStEphU32.rs)... NEEDED (restored) [initial 4.0s -> now 0.7s (incremental ~0s)]
[160/199] assert L146 in weighed_edges (src/Chap06/WeightedDirGraphStEphU64.rs)... UNNEEDED (commented) [initial 4.0s -> now 4.0s (incremental -0.1s)]
[161/199] assert L152 in weighed_edges (src/Chap06/WeightedDirGraphStEphU64.rs)... UNNEEDED (commented) [initial 4.0s -> now 4.0s (incremental -0.0s)]
[162/199] assert L188 in out_neighbors_weighed (src/Chap06/WeightedDirGraphStEphU64.rs)... UNNEEDED (commented) [initial 4.0s -> now 4.0s (incremental -0.1s)]
[163/199] assert L195 in out_neighbors_weighed (src/Chap06/WeightedDirGraphStEphU64.rs)... UNNEEDED (commented) [initial 4.0s -> now 4.0s (incremental -0.0s)]
[164/199] assert L235 in in_neighbors_weighed (src/Chap06/WeightedDirGraphStEphU64.rs)... UNNEEDED (commented) [initial 4.0s -> now 4.0s (incremental -0.0s)]
[165/199] assert L242 in in_neighbors_weighed (src/Chap06/WeightedDirGraphStEphU64.rs)... UNNEEDED (commented) [initial 4.0s -> now 4.0s (incremental -0.1s)]
[166/199] assert L288 in total_weight (src/Chap06/WeightedDirGraphStEphU64.rs)... UNNEEDED (commented) [initial 4.0s -> now 3.9s (incremental -0.1s)]
[167/199] assert L315 in edges_above_weight (src/Chap06/WeightedDirGraphStEphU64.rs)... UNNEEDED (commented) [initial 4.0s -> now 3.9s (incremental -0.1s)]
[168/199] assert L322 in edges_above_weight (src/Chap06/WeightedDirGraphStEphU64.rs)... UNNEEDED (commented) [initial 4.0s -> now 4.3s (incremental +0.2s)]
[169/199] assert L360 in edges_below_weight (src/Chap06/WeightedDirGraphStEphU64.rs)... UNNEEDED (commented) [initial 4.0s -> now 4.1s (incremental +0.1s)]
[170/199] assert L367 in edges_below_weight (src/Chap06/WeightedDirGraphStEphU64.rs)... UNNEEDED (commented) [initial 4.0s -> now 3.9s (incremental -0.1s)]
[171/199] assert L146 in weighed_edges (src/Chap06/WeightedDirGraphStEphU8.rs)... UNNEEDED (commented) [initial 4.0s -> now 4.0s (incremental -0.1s)]
[172/199] assert L152 in weighed_edges (src/Chap06/WeightedDirGraphStEphU8.rs)... UNNEEDED (commented) [initial 4.0s -> now 4.0s (incremental -0.0s)]
[173/199] assert L188 in out_neighbors_weighed (src/Chap06/WeightedDirGraphStEphU8.rs)... UNNEEDED (commented) [initial 4.0s -> now 4.0s (incremental -0.0s)]
[174/199] assert L195 in out_neighbors_weighed (src/Chap06/WeightedDirGraphStEphU8.rs)... UNNEEDED (commented) [initial 4.0s -> now 3.9s (incremental -0.1s)]
[175/199] assert L235 in in_neighbors_weighed (src/Chap06/WeightedDirGraphStEphU8.rs)... UNNEEDED (commented) [initial 4.0s -> now 3.9s (incremental -0.1s)]
[176/199] assert L242 in in_neighbors_weighed (src/Chap06/WeightedDirGraphStEphU8.rs)... UNNEEDED (commented) [initial 4.0s -> now 4.0s (incremental -0.0s)]
[177/199] assert L288 in total_weight (src/Chap06/WeightedDirGraphStEphU8.rs)... UNNEEDED (commented) [initial 4.0s -> now 3.9s (incremental -0.1s)]
[178/199] assert L315 in edges_above_weight (src/Chap06/WeightedDirGraphStEphU8.rs)... UNNEEDED (commented) [initial 4.0s -> now 3.9s (incremental -0.1s)]
[179/199] assert L322 in edges_above_weight (src/Chap06/WeightedDirGraphStEphU8.rs)... UNNEEDED (commented) [initial 4.0s -> now 3.9s (incremental -0.2s)]
[180/199] assert L360 in edges_below_weight (src/Chap06/WeightedDirGraphStEphU8.rs)... UNNEEDED (commented) [initial 4.0s -> now 3.9s (incremental -0.1s)]
[181/199] assert L367 in edges_below_weight (src/Chap06/WeightedDirGraphStEphU8.rs)... UNNEEDED (commented) [initial 4.0s -> now 3.9s (incremental -0.1s)]
[182/199] assert L146 in weighed_edges (src/Chap06/WeightedDirGraphStEphUsize.rs)... UNNEEDED (commented) [initial 4.0s -> now 3.9s (incremental -0.1s)]
[183/199] assert L152 in weighed_edges (src/Chap06/WeightedDirGraphStEphUsize.rs)... UNNEEDED (commented) [initial 4.0s -> now 4.2s (incremental +0.1s)]
[184/199] assert L188 in out_neighbors_weighed (src/Chap06/WeightedDirGraphStEphUsize.rs)... UNNEEDED (commented) [initial 4.0s -> now 4.0s (incremental -0.0s)]
[185/199] assert L195 in out_neighbors_weighed (src/Chap06/WeightedDirGraphStEphUsize.rs)... UNNEEDED (commented) [initial 4.0s -> now 4.0s (incremental -0.1s)]
[186/199] assert L235 in in_neighbors_weighed (src/Chap06/WeightedDirGraphStEphUsize.rs)... UNNEEDED (commented) [initial 4.0s -> now 3.9s (incremental -0.1s)]
[187/199] assert L242 in in_neighbors_weighed (src/Chap06/WeightedDirGraphStEphUsize.rs)... UNNEEDED (commented) [initial 4.0s -> now 4.0s (incremental +0.0s)]
[188/199] assert L288 in total_weight (src/Chap06/WeightedDirGraphStEphUsize.rs)... UNNEEDED (commented) [initial 4.0s -> now 3.9s (incremental -0.1s)]
[189/199] assert L315 in edges_above_weight (src/Chap06/WeightedDirGraphStEphUsize.rs)... UNNEEDED (commented) [initial 4.0s -> now 4.0s (incremental -0.0s)]
[190/199] assert L322 in edges_above_weight (src/Chap06/WeightedDirGraphStEphUsize.rs)... UNNEEDED (commented) [initial 4.0s -> now 4.0s (incremental -0.0s)]
[191/199] assert L360 in edges_below_weight (src/Chap06/WeightedDirGraphStEphUsize.rs)... UNNEEDED (commented) [initial 4.0s -> now 4.0s (incremental +0.0s)]
[192/199] assert L367 in edges_below_weight (src/Chap06/WeightedDirGraphStEphUsize.rs)... UNNEEDED (commented) [initial 4.0s -> now 3.9s (incremental -0.1s)]
[193/199] assert L79 in main_inv (src/Chap11/FibonacciMtEph2Threads.rs)... UNNEEDED (commented) [initial 4.0s -> now 3.9s (incremental -0.2s)]
[194/199] assert L75 in main_inv (src/Chap11/FibonacciMtEphRecomputes.rs)... UNNEEDED (commented) [initial 4.0s -> now 3.9s (incremental -0.1s)]
[195/199] assert L52 in fib (src/Chap11/FibonacciMtPerAllThreads.rs)... UNNEEDED (commented) [initial 4.0s -> now 3.9s (incremental -0.1s)]
[196/199] assert L53 in fib (src/Chap11/FibonacciMtPerAllThreads.rs)... UNNEEDED (commented) [initial 4.0s -> now 3.9s (incremental -0.1s)]
[197/199] assert L98 in lemma_fib_bound (src/Chap11/FibonacciStEph.rs)... UNNEEDED (commented) [initial 4.0s -> now 4.0s (incremental -0.1s)]
[198/199] assert L100 in lemma_fib_bound (src/Chap11/FibonacciStEph.rs)... NEEDED (restored) [initial 4.0s -> now 3.3s (incremental ~0s)]
[199/199] assert L124 in lemma_fib_sum_fits_u64 (src/Chap11/FibonacciStEph.rs)... UNNEEDED (commented) [initial 4.0s -> now 4.3s (incremental +0.3s)]

Phase 10 Summary: 199 tested, 143 removed (commented), 7.8s time saved

═══════════════════════════════════════════════════════════════
Phase 11: Analyzing and verifying final codebase
═══════════════════════════════════════════════════════════════

  Final LOC (comments not counted):
    Spec:    1953
    Proof:   7975
    Exec:    8739
    Total:  18667

  LOC change: -9233 lines (33.1% reduction)
  (excluding manual module removal)

  Verifying...
✓ Final verification: 4.0s (was 5.1s, -1.1s (21.0% faster))

═══════════════════════════════════════════════════════════════
MINIMIZATION SUMMARY
═══════════════════════════════════════════════════════════════

Time:
  Actual time:             30m 43s
  Estimated time:          1h 31m 9s
  Estimation error:        -3626.2s (-66.3%)

Verification:
  Initial: 5.1s (passed)
  Final:   4.0s (passed)
  Change:  -1.1s (21.0% faster)

Lines of Code (comments not counted):
  Initial:  27900 (spec: 2135, proof: 16987, exec: 8778)
  Final:    18667 (spec: 1953, proof: 7975, exec: 8739)
  Change:  -9233 lines (33.1% reduction) (excluding manual module removal)

Phase 7 (dependence): 17 DEPENDENT, 194 INDEPENDENT
Phase 8 (necessity):  181 USED, 30 UNUSED, 0 skipped
Combined:             12 DEPENDENT BUT NEEDED (keep these)

┌───────────────────────────────────────────────────────────────┐
│ DEPENDENT LEMMAS (vstd broadcast groups can prove these)     │
├───────────────────────────────────────────────────────────────┤
│ checked_nat_with_checked_view.rs -> lemma_spec_mul_distributes_over_add
│ checked_nat_with_checked_view.rs -> lemma_add_normal_if_sum_fits
│ checked_nat_with_checked_view.rs -> lemma_spec_mul_associative
│ checked_nat_with_checked_view.rs -> lemma_mul_distributes_over_add_ghost
│ checked_int.rs                   -> lemma_mul_distributes_over_sub_ghost
│ checked_nat_with_checked_view.rs -> lemma_sum_monotonic
│ checked_nat_with_checked_view.rs -> lemma_add_commutative_ghost
│ checked_nat.rs                   -> lemma_add_normal_if_sum_fits
│ checked_nat.rs                   -> lemma_mul_distributes_over_add_ghost
│ checked_nat_with_checked_view.rs -> lemma_spec_mul_commutative
│ checked_nat_with_checked_view.rs -> lemma_mul_commutative_ghost
│ checked_nat_with_checked_view.rs -> lemma_spec_add_associative
│ checked_nat_with_checked_view.rs -> lemma_add_associative_ghost
│ checked_nat.rs                   -> lemma_sum_monotonic
│ checked_nat_with_checked_view.rs -> lemma_spec_add_commutative
│ checked_int.rs                   -> lemma_mul_distributes_over_add_ghost
│ checked_nat_with_checked_view.rs -> lemma_mul_associative_ghost
└───────────────────────────────────────────────────────────────┘

┌───────────────────────────────────────────────────────────────┐
│ UNNEEDED LEMMAS (commented out, codebase verifies without)   │
├───────────────────────────────────────────────────────────────┤
│ seq_set.rs                       -> lemma_seq_fold_left_plus_is_weighted_seq_sum_u64
│ seq_set.rs                       -> lemma_signed_seq_fold_left_plus_is_weighted_seq_sum_i16
│ checked_nat_with_checked_view.rs -> lemma_spec_mul_distributes_over_add
│ checked_nat_with_checked_view.rs -> lemma_add_normal_if_sum_fits
│ seq.rs                           -> lemma_sum_u32_push
│ checked_int.rs                   -> lemma_spec_mul_distributes_over_add
│ checked_nat_with_checked_view.rs -> lemma_spec_mul_associative
│ checked_nat.rs                   -> lemma_spec_mul_associative
│ checked_nat_with_checked_view.rs -> lemma_mul_distributes_over_add_ghost
│ seq_set.rs                       -> lemma_take_full
│ checked_nat_with_checked_view.rs -> lemma_sum_monotonic
│ checked_int.rs                   -> lemma_spec_add_associative
│ checked_nat.rs                   -> lemma_spec_add_commutative
│ checked_int.rs                   -> lemma_spec_mul_commutative
│ checked_nat.rs                   -> lemma_spec_mul_commutative
│ checked_nat_with_checked_view.rs -> lemma_add_commutative_ghost
│ seq.rs                           -> lemma_sum_u32_equiv
│ seq_set.rs                       -> lemma_fold_left_int_equals_nat_as_int_u64
│ checked_nat_with_checked_view.rs -> lemma_spec_mul_commutative
│ checked_nat_with_checked_view.rs -> lemma_mul_commutative_ghost
│ checked_nat_with_checked_view.rs -> lemma_spec_add_associative
│ seq_set.rs                       -> lemma_seq_index_in_to_set[int]
│ checked_int.rs                   -> lemma_spec_mul_associative
│ checked_nat_with_checked_view.rs -> lemma_add_associative_ghost
│ checked_nat.rs                   -> lemma_spec_mul_distributes_over_add
│ checked_nat.rs                   -> lemma_sum_monotonic
│ checked_nat_with_checked_view.rs -> lemma_spec_add_commutative
│ checked_nat.rs                   -> lemma_spec_add_associative
│ checked_nat_with_checked_view.rs -> lemma_mul_associative_ghost
│ checked_int.rs                   -> lemma_spec_add_commutative
└───────────────────────────────────────────────────────────────┘

┌───────────────────────────────────────────────────────────────┐
│ DEPENDENT BUT NEEDED (guide verification, keep for now)      │
├───────────────────────────────────────────────────────────────┤
│ checked_int.rs                   -> lemma_mul_associative_ghost
│ checked_nat.rs                   -> lemma_add_commutative_ghost
│ checked_int.rs                   -> lemma_mul_commutative_ghost
│ checked_nat.rs                   -> lemma_mul_commutative_ghost
│ checked_int.rs                   -> lemma_mul_distributes_over_sub_ghost
│ checked_int.rs                   -> lemma_add_associative_ghost
│ checked_int.rs                   -> lemma_add_commutative_ghost
│ checked_nat.rs                   -> lemma_add_associative_ghost
│ checked_nat.rs                   -> lemma_add_normal_if_sum_fits
│ checked_nat.rs                   -> lemma_mul_distributes_over_add_ghost
│ checked_int.rs                   -> lemma_mul_distributes_over_add_ghost
│ checked_nat.rs                   -> lemma_mul_associative_ghost
└───────────────────────────────────────────────────────────────┘

┌───────────────────────────────────────────────────────────────┐
│ SPEC FUNCTIONS (121 total, 27 without explicit calls)         │
├───────────────────────────────────────────────────────────────┤
│ checked_nat_with_checked_view.rs -> is_overflow
│ checked_nat_with_checked_view.rs -> spec_view
│ feq.rs                           -> feq_reflexive
│ feq.rs                           -> feq_symmetric
│ feq.rs                           -> feq_transitive
│ feq.rs                           -> obeys_feq<bool, u8, u16, u32, u64, u128, usize, i8, i16, i32, i64, i128, isize> (13 variants, 0 used)
│ feq.rs                           -> obeys_feq_clone
│ feq.rs                           -> obeys_feq_eq
│ feq.rs                           -> obeys_feq_full
│ feq.rs                           -> obeys_feq_properties
│ feq.rs                           -> obeys_feq_view
│ feq.rs                           -> obeys_feq_view_injective
│ hashed_checked_u32.rs            -> valid_key_type_CheckedU32
│ partial_order.rs                 -> partial_order_ensures
└───────────────────────────────────────────────────────────────┘

┌───────────────────────────────────────────────────────────────┐
│ REMOVABLE MODULES (1 can be removed entirely)               │
├───────────────────────────────────────────────────────────────┤
│ checked_nat_with_checked_view
└───────────────────────────────────────────────────────────────┘

✓ Minimization complete! Codebase still verifies.
