âœ“ BSTKeyValueStEph.rs
âŒ BSTReducedStEph.rs
/home/milnes/projects/APAS-VERUS-agent2/src/Chap40/BSTReducedStEph.rs:36: error: bare_impl - impl<K: StT + Ord, V: StT, R: StT> Node<K, V, R> { â€” `impl Node` without trait; file defines [ReduceOp, BSTReducedStEphTrait]
        37 |         fn new(key: K, value: V, priority: u64, reduced_value: R) -> Self {
        38 |             Node {
/home/milnes/projects/APAS-VERUS-agent2/src/Chap40/BSTReducedStEph.rs:123: error: bare_impl - impl<K: StT + Ord, V: StT, R: StT, Op: ReduceOp<V, R>> BSTReducedStEph<K, V, ... â€” `impl BSTReducedStEph` without trait; file defines [ReduceOp, BSTReducedStEphTrait]
       124 |         /// - APAS: Work Î˜(1), Span Î˜(1) â€” O(1) via augmented size field.
       125 |         /// - Claude-Opus-4.6: Work Î˜(1), Span Î˜(1)
   Errors: 2 bare impl(s) in file with trait definition
âŒ BSTSizeStEph.rs
/home/milnes/projects/APAS-VERUS-agent2/src/Chap40/BSTSizeStEph.rs:22: error: bare_impl - impl<T: StT + Ord> Node<T> { â€” `impl Node` without trait; file defines [BSTSizeStEphTrait]
        23 |         fn new(key: T, priority: u64) -> Self {
        24 |             Node {
/home/milnes/projects/APAS-VERUS-agent2/src/Chap40/BSTSizeStEph.rs:74: error: bare_impl - impl<T: StT + Ord> BSTSizeStEph<T> { â€” `impl BSTSizeStEph` without trait; file defines [BSTSizeStEphTrait]
        75 |         /// - APAS: Work Î˜(1), Span Î˜(1) â€” O(1) size access via augmented field.
        76 |         /// - Claude-Opus-4.6: Work Î˜(1), Span Î˜(1)
   Errors: 2 bare impl(s) in file with trait definition

â•â•â•â•â•â•â•â•â•â•â•â•â•â•â•â•â•â•â•â•â•â•â•â•â•â•â•â•â•â•â•â•â•â•â•â•â•â•â•â•â•â•â•â•â•â•â•â•â•â•â•â•â•â•â•â•â•â•â•â•â•â•â•
SUMMARY
â•â•â•â•â•â•â•â•â•â•â•â•â•â•â•â•â•â•â•â•â•â•â•â•â•â•â•â•â•â•â•â•â•â•â•â•â•â•â•â•â•â•â•â•â•â•â•â•â•â•â•â•â•â•â•â•â•â•â•â•â•â•â•

Modules:
   3 clean (no holes)
   0 holed (contains holes)
   3 total

Proof Functions:
   0 clean
   0 holed
   0 total

Holes Found: 0 total

Errors: 4 bare impl(s) in files with trait definitions

ğŸ‰ No proof holes found! All proofs are complete.
â•â•â•

Modules:
   3 clean (no holes)
   0 holed (contains holes)
   3 total

Proof Functions:
   0 clean
   0 holed
   0 total

Holes Found: 0 total

Errors: 4 bare impl(s) in files with trait definitions

ğŸ‰ No proof holes found! All proofs are complete.
