$ /home/milnes/projects/veracity/target/release/veracity-review-proof-holes -d /home/milnes/projects/APAS-VERUS/src/Chap57/

❌ DijkstraStEphF64.rs
/home/milnes/projects/APAS-VERUS/src/Chap57/DijkstraStEphF64.rs:36: error: struct_outside_verus - struct PQEntry — should be inside verus!
        36 |     pub struct PQEntry {
        37 |         pub dist: F64Dist,
        38 |         pub vertex: usize,
/home/milnes/projects/APAS-VERUS/src/Chap57/DijkstraStEphF64.rs:36: error: clone_derived_outside - struct PQEntry — Clone should be implemented inside verus!, not derived outside
        36 |     pub struct PQEntry {
        37 |         pub dist: F64Dist,
        38 |         pub vertex: usize,
   Errors: 2 total (1 struct/enum outside verus!, 1 Clone derived outside)
❌ DijkstraStEphI64.rs
/home/milnes/projects/APAS-VERUS/src/Chap57/DijkstraStEphI64.rs:99: external_body - #[verifier::external_body]
       100 |     pub fn dijkstra(graph: &WeightedDirGraphStEphI128<usize>, source: usize) -> SSSPResultStEphI64 {
   Holes: 1 total
      1 × external_body
✓ StackStEph.rs

═══════════════════════════════════════════════════════════════
SUMMARY
═══════════════════════════════════════════════════════════════

Modules:
   2 clean (no holes)
   1 holed (contains holes)
   3 total

Proof Functions:
   0 clean
   0 holed
   0 total

Holes Found: 1 total
   1 × external_body

Errors: 2 (bare impl(s), struct/enum outside verus!)
