âŒ MatrixChainMtEph.rs
/home/milnes/projects/APAS-VERUS-agent2/src/Chap50/MatrixChainMtEph.rs:79: error: bare_impl - // 9. impls â€” `impl MatrixChainMtEphS` without trait; file defines [MatrixChainMtEphTrait]
        80 |     impl MatrixChainMtEphS {
        81 |         /// Cost = rows[i] * cols[k] * cols[j] (scalar multiplications)
   Errors: 1 bare impl(s) in file with trait definition
âŒ MatrixChainMtPer.rs
/home/milnes/projects/APAS-VERUS-agent2/src/Chap50/MatrixChainMtPer.rs:69: error: bare_impl - // 9. impls â€” `impl MatrixChainMtPerS` without trait; file defines [MatrixChainMtPerTrait]
        70 |     impl MatrixChainMtPerS {
        71 |         /// Cost = rows[i] * cols[k] * cols[j] (scalar multiplications)
   Errors: 1 bare impl(s) in file with trait definition
âŒ MatrixChainStEph.rs
/home/milnes/projects/APAS-VERUS-agent2/src/Chap50/MatrixChainStEph.rs:83: error: bare_impl - // 9. impls â€” `impl MatrixChainStEphS` without trait; file defines [MatrixChainStEphTrait]
        84 |     impl MatrixChainStEphS {
        85 |         /// Cost = rows[i] * cols[k] * cols[j] (scalar multiplications)
   Errors: 1 bare impl(s) in file with trait definition
âŒ MatrixChainStPer.rs
/home/milnes/projects/APAS-VERUS-agent2/src/Chap50/MatrixChainStPer.rs:67: error: bare_impl - // 9. impls â€” `impl MatrixChainStPerS` without trait; file defines [MatrixChainStPerTrait]
        68 |     impl MatrixChainStPerS {
        69 |         /// Cost = rows[i] * cols[k] * cols[j] (scalar multiplications)
   Errors: 1 bare impl(s) in file with trait definition
âœ“ OptBinSearchTreeMtEph.rs
âœ“ OptBinSearchTreeMtPer.rs
âŒ OptBinSearchTreeStEph.rs
/home/milnes/projects/APAS-VERUS-agent2/src/Chap50/OptBinSearchTreeStEph.rs:86: error: bare_impl - // 9. impls â€” `impl OBSTStEphS` without trait; file defines [OBSTStEphTrait]
        87 |     impl<T: StT> OBSTStEphS<T> {
        88 |         /// - APAS: Work Î˜(nÂ³), Span Î˜(nÂ³)
   Errors: 1 bare impl(s) in file with trait definition
âŒ OptBinSearchTreeStPer.rs
/home/milnes/projects/APAS-VERUS-agent2/src/Chap50/OptBinSearchTreeStPer.rs:70: error: bare_impl - // 9. impls â€” `impl OBSTStPerS` without trait; file defines [OBSTStPerTrait]
        71 |     impl<T: StT> OBSTStPerS<T> {
        72 |         /// - APAS: Work Î˜(nÂ³), Span Î˜(nÂ³)
   Errors: 1 bare impl(s) in file with trait definition
âŒ Probability.rs
/home/milnes/projects/APAS-VERUS-agent2/src/Chap50/Probability.rs:37: error: bare_impl - // 9. impls â€” `impl Probability` without trait; file defines [ProbabilityTrait]
        38 |     impl Probability {
        39 |         /// - APAS: Work Î˜(1), Span Î˜(1)
   Errors: 1 bare impl(s) in file with trait definition

â•â•â•â•â•â•â•â•â•â•â•â•â•â•â•â•â•â•â•â•â•â•â•â•â•â•â•â•â•â•â•â•â•â•â•â•â•â•â•â•â•â•â•â•â•â•â•â•â•â•â•â•â•â•â•â•â•â•â•â•â•â•â•
SUMMARY
â•â•â•â•â•â•â•â•â•â•â•â•â•â•â•â•â•â•â•â•â•â•â•â•â•â•â•â•â•â•â•â•â•â•â•â•â•â•â•â•â•â•â•â•â•â•â•â•â•â•â•â•â•â•â•â•â•â•â•â•â•â•â•

Modules:
   9 clean (no holes)
   0 holed (contains holes)
   9 total

Proof Functions:
   0 clean
   0 holed
   0 total

Holes Found: 0 total

Errors: 7 bare impl(s) in files with trait definitions

ğŸ‰ No proof holes found! All proofs are complete.
9 total

Proof Functions:
   0 clean
   0 holed
   0 total

Holes Found: 0 total

Errors: 7 bare impl(s) in files with trait definitions

ğŸ‰ No proof holes found! All proofs are complete.
